<testsuites id="" name="" tests="145" failures="90" skipped="50" errors="0" time="248.56561">
<testsuite name="advanced-e2e.spec.ts" timestamp="2026-02-08T05:59:21.656Z" hostname="chromium" tests="9" failures="1" skipped="8" time="20.33" errors="0">
<testcase name="🗺️  Advanced E2E: Map + Form Integration › user dapat explore peta kemudian submit laporan" classname="advanced-e2e.spec.ts" time="0">
<properties>
<property name="skip" value="">
</property>
</properties>
<skipped>
</skipped>
</testcase>
<testcase name="🗺️  Advanced E2E: Map + Form Integration › [SNAPSHOT] map state after user interaction should be consistent" classname="advanced-e2e.spec.ts" time="0">
<properties>
<property name="skip" value="">
</property>
</properties>
<skipped>
</skipped>
</testcase>
<testcase name="🗺️  Advanced E2E: Map + Form Integration › complex workflow: zoom → pan → search → interact" classname="advanced-e2e.spec.ts" time="0">
<properties>
<property name="skip" value="">
</property>
</properties>
<skipped>
</skipped>
</testcase>
<testcase name="🗺️  Advanced E2E: Map + Form Integration › map performance: rapid zoom/pan should not crash" classname="advanced-e2e.spec.ts" time="0">
<properties>
<property name="skip" value="">
</property>
</properties>
<skipped>
</skipped>
</testcase>
<testcase name="🗺️  Advanced E2E: Map + Form Integration › benchmark: compare different waiting strategies" classname="advanced-e2e.spec.ts" time="20.33">
<failure message="advanced-e2e.spec.ts:216:3 benchmark: compare different waiting strategies" type="FAILURE">
<![CDATA[  [chromium] › advanced-e2e.spec.ts:216:3 › 🗺️  Advanced E2E: Map + Form Integration › benchmark: compare different waiting strategies 

    Error: expect(locator).toBeVisible() failed

    Locator: locator('.leaflet-container')
    Expected: visible
    Timeout: 15000ms
    Error: element(s) not found

    Call log:
      - Expect "toBeVisible" with timeout 15000ms
      - waiting for locator('.leaflet-container')


       at map-utils.ts:28

      26 |   // Tambahan: tunggu sampai Leaflet container ada dan visible
      27 |   const mapContainer = page.locator('.leaflet-container');
    > 28 |   await expect(mapContainer).toBeVisible({ timeout: 15000 });
         |                              ^
      29 |   
      30 |   console.log('✅ Peta siap untuk testing');
      31 | }
        at waitForMapReady (C:\Users\ariaz\OneDrive\Documents\GitHub\state-track\e2e\map-utils.ts:28:30)
        at C:\Users\ariaz\OneDrive\Documents\GitHub\state-track\e2e\advanced-e2e.spec.ts:24:5

    attachment #1: screenshot (image/png) ──────────────────────────────────────────────────────────
    ..\test-results\advanced-e2e-🗺️-Advanced--69740-ifferent-waiting-strategies-chromium\test-failed-1.png
    ────────────────────────────────────────────────────────────────────────────────────────────────

    attachment #2: video (video/webm) ──────────────────────────────────────────────────────────────
    ..\test-results\advanced-e2e-🗺️-Advanced--69740-ifferent-waiting-strategies-chromium\video.webm
    ────────────────────────────────────────────────────────────────────────────────────────────────

    Error Context: ..\test-results\advanced-e2e-🗺️-Advanced--69740-ifferent-waiting-strategies-chromium\error-context.md
]]>
</failure>
<system-out>
<![CDATA[⏳ Menunggu peta siap (network idle)...

[[ATTACHMENT|advanced-e2e-🗺️-Advanced--69740-ifferent-waiting-strategies-chromium\test-failed-1.png]]

[[ATTACHMENT|advanced-e2e-🗺️-Advanced--69740-ifferent-waiting-strategies-chromium\video.webm]]

[[ATTACHMENT|advanced-e2e-🗺️-Advanced--69740-ifferent-waiting-strategies-chromium\error-context.md]]
]]>
</system-out>
</testcase>
<testcase name="♿ Map Accessibility Tests › map controls harus accessible via keyboard" classname="advanced-e2e.spec.ts" time="0">
<properties>
<property name="skip" value="">
</property>
</properties>
<skipped>
</skipped>
</testcase>
<testcase name="♿ Map Accessibility Tests › zoom controls harus have proper ARIA labels" classname="advanced-e2e.spec.ts" time="0">
<properties>
<property name="skip" value="">
</property>
</properties>
<skipped>
</skipped>
</testcase>
<testcase name="📱 Mobile Map Tests › peta harus render di mobile viewport" classname="advanced-e2e.spec.ts" time="0">
<properties>
<property name="skip" value="">
</property>
</properties>
<skipped>
</skipped>
</testcase>
<testcase name="📱 Mobile Map Tests › touch gestures harus support di mobile" classname="advanced-e2e.spec.ts" time="0">
<properties>
<property name="skip" value="">
</property>
</properties>
<skipped>
</skipped>
</testcase>
</testsuite>
<testsuite name="map-interaction.spec.ts" timestamp="2026-02-08T05:59:21.656Z" hostname="chromium" tests="16" failures="14" skipped="2" time="277.432" errors="0">
<testcase name="🗺️  Map Interaction Tests › harus bisa drag peta ke arah kanan (pan right)" classname="map-interaction.spec.ts" time="20.413">
<failure message="map-interaction.spec.ts:38:3 harus bisa drag peta ke arah kanan (pan right)" type="FAILURE">
<![CDATA[  [chromium] › map-interaction.spec.ts:38:3 › 🗺️  Map Interaction Tests › harus bisa drag peta ke arah kanan (pan right) 

    Error: expect(locator).toBeVisible() failed

    Locator: locator('.leaflet-container')
    Expected: visible
    Timeout: 15000ms
    Error: element(s) not found

    Call log:
      - Expect "toBeVisible" with timeout 15000ms
      - waiting for locator('.leaflet-container')


       at map-utils.ts:28

      26 |   // Tambahan: tunggu sampai Leaflet container ada dan visible
      27 |   const mapContainer = page.locator('.leaflet-container');
    > 28 |   await expect(mapContainer).toBeVisible({ timeout: 15000 });
         |                              ^
      29 |   
      30 |   console.log('✅ Peta siap untuk testing');
      31 | }
        at waitForMapReady (C:\Users\ariaz\OneDrive\Documents\GitHub\state-track\e2e\map-utils.ts:28:30)
        at C:\Users\ariaz\OneDrive\Documents\GitHub\state-track\e2e\map-interaction.spec.ts:31:5

    attachment #1: screenshot (image/png) ──────────────────────────────────────────────────────────
    ..\test-results\map-interaction-🗺️-Map-In-a25fd-ta-ke-arah-kanan-pan-right--chromium\test-failed-1.png
    ────────────────────────────────────────────────────────────────────────────────────────────────

    attachment #2: video (video/webm) ──────────────────────────────────────────────────────────────
    ..\test-results\map-interaction-🗺️-Map-In-a25fd-ta-ke-arah-kanan-pan-right--chromium\video.webm
    ────────────────────────────────────────────────────────────────────────────────────────────────

    Error Context: ..\test-results\map-interaction-🗺️-Map-In-a25fd-ta-ke-arah-kanan-pan-right--chromium\error-context.md
]]>
</failure>
<system-out>
<![CDATA[⏳ Menunggu peta siap (network idle)...

[[ATTACHMENT|map-interaction-🗺️-Map-In-a25fd-ta-ke-arah-kanan-pan-right--chromium\test-failed-1.png]]

[[ATTACHMENT|map-interaction-🗺️-Map-In-a25fd-ta-ke-arah-kanan-pan-right--chromium\video.webm]]

[[ATTACHMENT|map-interaction-🗺️-Map-In-a25fd-ta-ke-arah-kanan-pan-right--chromium\error-context.md]]
]]>
</system-out>
</testcase>
<testcase name="🗺️  Map Interaction Tests › harus bisa drag peta ke arah atas (pan up)" classname="map-interaction.spec.ts" time="20.337">
<failure message="map-interaction.spec.ts:66:3 harus bisa drag peta ke arah atas (pan up)" type="FAILURE">
<![CDATA[  [chromium] › map-interaction.spec.ts:66:3 › 🗺️  Map Interaction Tests › harus bisa drag peta ke arah atas (pan up) 

    Error: expect(locator).toBeVisible() failed

    Locator: locator('.leaflet-container')
    Expected: visible
    Timeout: 15000ms
    Error: element(s) not found

    Call log:
      - Expect "toBeVisible" with timeout 15000ms
      - waiting for locator('.leaflet-container')


       at map-utils.ts:28

      26 |   // Tambahan: tunggu sampai Leaflet container ada dan visible
      27 |   const mapContainer = page.locator('.leaflet-container');
    > 28 |   await expect(mapContainer).toBeVisible({ timeout: 15000 });
         |                              ^
      29 |   
      30 |   console.log('✅ Peta siap untuk testing');
      31 | }
        at waitForMapReady (C:\Users\ariaz\OneDrive\Documents\GitHub\state-track\e2e\map-utils.ts:28:30)
        at C:\Users\ariaz\OneDrive\Documents\GitHub\state-track\e2e\map-interaction.spec.ts:31:5

    attachment #1: screenshot (image/png) ──────────────────────────────────────────────────────────
    ..\test-results\map-interaction-🗺️-Map-In-e698a-g-peta-ke-arah-atas-pan-up--chromium\test-failed-1.png
    ────────────────────────────────────────────────────────────────────────────────────────────────

    attachment #2: video (video/webm) ──────────────────────────────────────────────────────────────
    ..\test-results\map-interaction-🗺️-Map-In-e698a-g-peta-ke-arah-atas-pan-up--chromium\video.webm
    ────────────────────────────────────────────────────────────────────────────────────────────────

    Error Context: ..\test-results\map-interaction-🗺️-Map-In-e698a-g-peta-ke-arah-atas-pan-up--chromium\error-context.md
]]>
</failure>
<system-out>
<![CDATA[⏳ Menunggu peta siap (network idle)...

[[ATTACHMENT|map-interaction-🗺️-Map-In-e698a-g-peta-ke-arah-atas-pan-up--chromium\test-failed-1.png]]

[[ATTACHMENT|map-interaction-🗺️-Map-In-e698a-g-peta-ke-arah-atas-pan-up--chromium\video.webm]]

[[ATTACHMENT|map-interaction-🗺️-Map-In-e698a-g-peta-ke-arah-atas-pan-up--chromium\error-context.md]]
]]>
</system-out>
</testcase>
<testcase name="🗺️  Map Interaction Tests › harus bisa drag peta secara diagonal" classname="map-interaction.spec.ts" time="20.268">
<failure message="map-interaction.spec.ts:87:3 harus bisa drag peta secara diagonal" type="FAILURE">
<![CDATA[  [chromium] › map-interaction.spec.ts:87:3 › 🗺️  Map Interaction Tests › harus bisa drag peta secara diagonal 

    Error: expect(locator).toBeVisible() failed

    Locator: locator('.leaflet-container')
    Expected: visible
    Timeout: 15000ms
    Error: element(s) not found

    Call log:
      - Expect "toBeVisible" with timeout 15000ms
      - waiting for locator('.leaflet-container')


       at map-utils.ts:28

      26 |   // Tambahan: tunggu sampai Leaflet container ada dan visible
      27 |   const mapContainer = page.locator('.leaflet-container');
    > 28 |   await expect(mapContainer).toBeVisible({ timeout: 15000 });
         |                              ^
      29 |   
      30 |   console.log('✅ Peta siap untuk testing');
      31 | }
        at waitForMapReady (C:\Users\ariaz\OneDrive\Documents\GitHub\state-track\e2e\map-utils.ts:28:30)
        at C:\Users\ariaz\OneDrive\Documents\GitHub\state-track\e2e\map-interaction.spec.ts:31:5

    attachment #1: screenshot (image/png) ──────────────────────────────────────────────────────────
    ..\test-results\map-interaction-🗺️-Map-In-b5139-a-drag-peta-secara-diagonal-chromium\test-failed-1.png
    ────────────────────────────────────────────────────────────────────────────────────────────────

    attachment #2: video (video/webm) ──────────────────────────────────────────────────────────────
    ..\test-results\map-interaction-🗺️-Map-In-b5139-a-drag-peta-secara-diagonal-chromium\video.webm
    ────────────────────────────────────────────────────────────────────────────────────────────────

    Error Context: ..\test-results\map-interaction-🗺️-Map-In-b5139-a-drag-peta-secara-diagonal-chromium\error-context.md
]]>
</failure>
<system-out>
<![CDATA[⏳ Menunggu peta siap (network idle)...

[[ATTACHMENT|map-interaction-🗺️-Map-In-b5139-a-drag-peta-secara-diagonal-chromium\test-failed-1.png]]

[[ATTACHMENT|map-interaction-🗺️-Map-In-b5139-a-drag-peta-secara-diagonal-chromium\video.webm]]

[[ATTACHMENT|map-interaction-🗺️-Map-In-b5139-a-drag-peta-secara-diagonal-chromium\error-context.md]]
]]>
</system-out>
</testcase>
<testcase name="🗺️  Map Interaction Tests › harus bisa zoom in menggunakan mouse wheel" classname="map-interaction.spec.ts" time="20.317">
<failure message="map-interaction.spec.ts:111:3 harus bisa zoom in menggunakan mouse wheel" type="FAILURE">
<![CDATA[  [chromium] › map-interaction.spec.ts:111:3 › 🗺️  Map Interaction Tests › harus bisa zoom in menggunakan mouse wheel 

    Error: expect(locator).toBeVisible() failed

    Locator: locator('.leaflet-container')
    Expected: visible
    Timeout: 15000ms
    Error: element(s) not found

    Call log:
      - Expect "toBeVisible" with timeout 15000ms
      - waiting for locator('.leaflet-container')


       at map-utils.ts:28

      26 |   // Tambahan: tunggu sampai Leaflet container ada dan visible
      27 |   const mapContainer = page.locator('.leaflet-container');
    > 28 |   await expect(mapContainer).toBeVisible({ timeout: 15000 });
         |                              ^
      29 |   
      30 |   console.log('✅ Peta siap untuk testing');
      31 | }
        at waitForMapReady (C:\Users\ariaz\OneDrive\Documents\GitHub\state-track\e2e\map-utils.ts:28:30)
        at C:\Users\ariaz\OneDrive\Documents\GitHub\state-track\e2e\map-interaction.spec.ts:31:5

    attachment #1: screenshot (image/png) ──────────────────────────────────────────────────────────
    ..\test-results\map-interaction-🗺️-Map-In-0908a--in-menggunakan-mouse-wheel-chromium\test-failed-1.png
    ────────────────────────────────────────────────────────────────────────────────────────────────

    attachment #2: video (video/webm) ──────────────────────────────────────────────────────────────
    ..\test-results\map-interaction-🗺️-Map-In-0908a--in-menggunakan-mouse-wheel-chromium\video.webm
    ────────────────────────────────────────────────────────────────────────────────────────────────

    Error Context: ..\test-results\map-interaction-🗺️-Map-In-0908a--in-menggunakan-mouse-wheel-chromium\error-context.md
]]>
</failure>
<system-out>
<![CDATA[⏳ Menunggu peta siap (network idle)...

[[ATTACHMENT|map-interaction-🗺️-Map-In-0908a--in-menggunakan-mouse-wheel-chromium\test-failed-1.png]]

[[ATTACHMENT|map-interaction-🗺️-Map-In-0908a--in-menggunakan-mouse-wheel-chromium\video.webm]]

[[ATTACHMENT|map-interaction-🗺️-Map-In-0908a--in-menggunakan-mouse-wheel-chromium\error-context.md]]
]]>
</system-out>
</testcase>
<testcase name="🗺️  Map Interaction Tests › harus bisa zoom out menggunakan mouse wheel" classname="map-interaction.spec.ts" time="20.113">
<failure message="map-interaction.spec.ts:130:3 harus bisa zoom out menggunakan mouse wheel" type="FAILURE">
<![CDATA[  [chromium] › map-interaction.spec.ts:130:3 › 🗺️  Map Interaction Tests › harus bisa zoom out menggunakan mouse wheel 

    Error: expect(locator).toBeVisible() failed

    Locator: locator('.leaflet-container')
    Expected: visible
    Timeout: 15000ms
    Error: element(s) not found

    Call log:
      - Expect "toBeVisible" with timeout 15000ms
      - waiting for locator('.leaflet-container')


       at map-utils.ts:28

      26 |   // Tambahan: tunggu sampai Leaflet container ada dan visible
      27 |   const mapContainer = page.locator('.leaflet-container');
    > 28 |   await expect(mapContainer).toBeVisible({ timeout: 15000 });
         |                              ^
      29 |   
      30 |   console.log('✅ Peta siap untuk testing');
      31 | }
        at waitForMapReady (C:\Users\ariaz\OneDrive\Documents\GitHub\state-track\e2e\map-utils.ts:28:30)
        at C:\Users\ariaz\OneDrive\Documents\GitHub\state-track\e2e\map-interaction.spec.ts:31:5

    attachment #1: screenshot (image/png) ──────────────────────────────────────────────────────────
    ..\test-results\map-interaction-🗺️-Map-In-f5f10-out-menggunakan-mouse-wheel-chromium\test-failed-1.png
    ────────────────────────────────────────────────────────────────────────────────────────────────

    attachment #2: video (video/webm) ──────────────────────────────────────────────────────────────
    ..\test-results\map-interaction-🗺️-Map-In-f5f10-out-menggunakan-mouse-wheel-chromium\video.webm
    ────────────────────────────────────────────────────────────────────────────────────────────────

    Error Context: ..\test-results\map-interaction-🗺️-Map-In-f5f10-out-menggunakan-mouse-wheel-chromium\error-context.md
]]>
</failure>
<system-out>
<![CDATA[⏳ Menunggu peta siap (network idle)...

[[ATTACHMENT|map-interaction-🗺️-Map-In-f5f10-out-menggunakan-mouse-wheel-chromium\test-failed-1.png]]

[[ATTACHMENT|map-interaction-🗺️-Map-In-f5f10-out-menggunakan-mouse-wheel-chromium\video.webm]]

[[ATTACHMENT|map-interaction-🗺️-Map-In-f5f10-out-menggunakan-mouse-wheel-chromium\error-context.md]]
]]>
</system-out>
</testcase>
<testcase name="🗺️  Map Interaction Tests › double click harus zoom in pada lokasi clicked" classname="map-interaction.spec.ts" time="20.221">
<failure message="map-interaction.spec.ts:152:3 double click harus zoom in pada lokasi clicked" type="FAILURE">
<![CDATA[  [chromium] › map-interaction.spec.ts:152:3 › 🗺️  Map Interaction Tests › double click harus zoom in pada lokasi clicked 

    Error: expect(locator).toBeVisible() failed

    Locator: locator('.leaflet-container')
    Expected: visible
    Timeout: 15000ms
    Error: element(s) not found

    Call log:
      - Expect "toBeVisible" with timeout 15000ms
      - waiting for locator('.leaflet-container')


       at map-utils.ts:28

      26 |   // Tambahan: tunggu sampai Leaflet container ada dan visible
      27 |   const mapContainer = page.locator('.leaflet-container');
    > 28 |   await expect(mapContainer).toBeVisible({ timeout: 15000 });
         |                              ^
      29 |   
      30 |   console.log('✅ Peta siap untuk testing');
      31 | }
        at waitForMapReady (C:\Users\ariaz\OneDrive\Documents\GitHub\state-track\e2e\map-utils.ts:28:30)
        at C:\Users\ariaz\OneDrive\Documents\GitHub\state-track\e2e\map-interaction.spec.ts:31:5

    attachment #1: screenshot (image/png) ──────────────────────────────────────────────────────────
    ..\test-results\map-interaction-🗺️-Map-In-c3696-zoom-in-pada-lokasi-clicked-chromium\test-failed-1.png
    ────────────────────────────────────────────────────────────────────────────────────────────────

    attachment #2: video (video/webm) ──────────────────────────────────────────────────────────────
    ..\test-results\map-interaction-🗺️-Map-In-c3696-zoom-in-pada-lokasi-clicked-chromium\video.webm
    ────────────────────────────────────────────────────────────────────────────────────────────────

    Error Context: ..\test-results\map-interaction-🗺️-Map-In-c3696-zoom-in-pada-lokasi-clicked-chromium\error-context.md
]]>
</failure>
<system-out>
<![CDATA[⏳ Menunggu peta siap (network idle)...

[[ATTACHMENT|map-interaction-🗺️-Map-In-c3696-zoom-in-pada-lokasi-clicked-chromium\test-failed-1.png]]

[[ATTACHMENT|map-interaction-🗺️-Map-In-c3696-zoom-in-pada-lokasi-clicked-chromium\video.webm]]

[[ATTACHMENT|map-interaction-🗺️-Map-In-c3696-zoom-in-pada-lokasi-clicked-chromium\error-context.md]]
]]>
</system-out>
</testcase>
<testcase name="🗺️  Map Interaction Tests › zoom in harus load tile baru (network request)" classname="map-interaction.spec.ts" time="20.098">
<failure message="map-interaction.spec.ts:169:3 zoom in harus load tile baru (network request)" type="FAILURE">
<![CDATA[  [chromium] › map-interaction.spec.ts:169:3 › 🗺️  Map Interaction Tests › zoom in harus load tile baru (network request) 

    Error: expect(locator).toBeVisible() failed

    Locator: locator('.leaflet-container')
    Expected: visible
    Timeout: 15000ms
    Error: element(s) not found

    Call log:
      - Expect "toBeVisible" with timeout 15000ms
      - waiting for locator('.leaflet-container')


       at map-utils.ts:28

      26 |   // Tambahan: tunggu sampai Leaflet container ada dan visible
      27 |   const mapContainer = page.locator('.leaflet-container');
    > 28 |   await expect(mapContainer).toBeVisible({ timeout: 15000 });
         |                              ^
      29 |   
      30 |   console.log('✅ Peta siap untuk testing');
      31 | }
        at waitForMapReady (C:\Users\ariaz\OneDrive\Documents\GitHub\state-track\e2e\map-utils.ts:28:30)
        at C:\Users\ariaz\OneDrive\Documents\GitHub\state-track\e2e\map-interaction.spec.ts:31:5

    attachment #1: screenshot (image/png) ──────────────────────────────────────────────────────────
    ..\test-results\map-interaction-🗺️-Map-In-08de6--tile-baru-network-request--chromium\test-failed-1.png
    ────────────────────────────────────────────────────────────────────────────────────────────────

    attachment #2: video (video/webm) ──────────────────────────────────────────────────────────────
    ..\test-results\map-interaction-🗺️-Map-In-08de6--tile-baru-network-request--chromium\video.webm
    ────────────────────────────────────────────────────────────────────────────────────────────────

    Error Context: ..\test-results\map-interaction-🗺️-Map-In-08de6--tile-baru-network-request--chromium\error-context.md
]]>
</failure>
<system-out>
<![CDATA[⏳ Menunggu peta siap (network idle)...

[[ATTACHMENT|map-interaction-🗺️-Map-In-08de6--tile-baru-network-request--chromium\test-failed-1.png]]

[[ATTACHMENT|map-interaction-🗺️-Map-In-08de6--tile-baru-network-request--chromium\video.webm]]

[[ATTACHMENT|map-interaction-🗺️-Map-In-08de6--tile-baru-network-request--chromium\error-context.md]]
]]>
</system-out>
</testcase>
<testcase name="🗺️  Map Interaction Tests › [SNAPSHOT] default map view harus konsisten" classname="map-interaction.spec.ts" time="20.028">
<failure message="map-interaction.spec.ts:197:3 [SNAPSHOT] default map view harus konsisten" type="FAILURE">
<![CDATA[  [chromium] › map-interaction.spec.ts:197:3 › 🗺️  Map Interaction Tests › [SNAPSHOT] default map view harus konsisten 

    Error: expect(locator).toBeVisible() failed

    Locator: locator('.leaflet-container')
    Expected: visible
    Timeout: 15000ms
    Error: element(s) not found

    Call log:
      - Expect "toBeVisible" with timeout 15000ms
      - waiting for locator('.leaflet-container')


       at map-utils.ts:28

      26 |   // Tambahan: tunggu sampai Leaflet container ada dan visible
      27 |   const mapContainer = page.locator('.leaflet-container');
    > 28 |   await expect(mapContainer).toBeVisible({ timeout: 15000 });
         |                              ^
      29 |   
      30 |   console.log('✅ Peta siap untuk testing');
      31 | }
        at waitForMapReady (C:\Users\ariaz\OneDrive\Documents\GitHub\state-track\e2e\map-utils.ts:28:30)
        at C:\Users\ariaz\OneDrive\Documents\GitHub\state-track\e2e\map-interaction.spec.ts:31:5

    attachment #1: screenshot (image/png) ──────────────────────────────────────────────────────────
    ..\test-results\map-interaction-🗺️-Map-In-29c42-lt-map-view-harus-konsisten-chromium\test-failed-1.png
    ────────────────────────────────────────────────────────────────────────────────────────────────

    attachment #2: video (video/webm) ──────────────────────────────────────────────────────────────
    ..\test-results\map-interaction-🗺️-Map-In-29c42-lt-map-view-harus-konsisten-chromium\video.webm
    ────────────────────────────────────────────────────────────────────────────────────────────────

    Error Context: ..\test-results\map-interaction-🗺️-Map-In-29c42-lt-map-view-harus-konsisten-chromium\error-context.md
]]>
</failure>
<system-out>
<![CDATA[⏳ Menunggu peta siap (network idle)...

[[ATTACHMENT|map-interaction-🗺️-Map-In-29c42-lt-map-view-harus-konsisten-chromium\test-failed-1.png]]

[[ATTACHMENT|map-interaction-🗺️-Map-In-29c42-lt-map-view-harus-konsisten-chromium\video.webm]]

[[ATTACHMENT|map-interaction-🗺️-Map-In-29c42-lt-map-view-harus-konsisten-chromium\error-context.md]]
]]>
</system-out>
</testcase>
<testcase name="🗺️  Map Interaction Tests › [SNAPSHOT] map setelah zoom in harus valid" classname="map-interaction.spec.ts" time="19.162">
<failure message="map-interaction.spec.ts:219:3 [SNAPSHOT] map setelah zoom in harus valid" type="FAILURE">
<![CDATA[  [chromium] › map-interaction.spec.ts:219:3 › 🗺️  Map Interaction Tests › [SNAPSHOT] map setelah zoom in harus valid 

    Error: expect(locator).toBeVisible() failed

    Locator: locator('.leaflet-container')
    Expected: visible
    Timeout: 15000ms
    Error: element(s) not found

    Call log:
      - Expect "toBeVisible" with timeout 15000ms
      - waiting for locator('.leaflet-container')


       at map-utils.ts:28

      26 |   // Tambahan: tunggu sampai Leaflet container ada dan visible
      27 |   const mapContainer = page.locator('.leaflet-container');
    > 28 |   await expect(mapContainer).toBeVisible({ timeout: 15000 });
         |                              ^
      29 |   
      30 |   console.log('✅ Peta siap untuk testing');
      31 | }
        at waitForMapReady (C:\Users\ariaz\OneDrive\Documents\GitHub\state-track\e2e\map-utils.ts:28:30)
        at C:\Users\ariaz\OneDrive\Documents\GitHub\state-track\e2e\map-interaction.spec.ts:31:5

    attachment #1: screenshot (image/png) ──────────────────────────────────────────────────────────
    ..\test-results\map-interaction-🗺️-Map-In-4d116-setelah-zoom-in-harus-valid-chromium\test-failed-1.png
    ────────────────────────────────────────────────────────────────────────────────────────────────

    attachment #2: video (video/webm) ──────────────────────────────────────────────────────────────
    ..\test-results\map-interaction-🗺️-Map-In-4d116-setelah-zoom-in-harus-valid-chromium\video.webm
    ────────────────────────────────────────────────────────────────────────────────────────────────

    Error Context: ..\test-results\map-interaction-🗺️-Map-In-4d116-setelah-zoom-in-harus-valid-chromium\error-context.md
]]>
</failure>
<system-out>
<![CDATA[⏳ Menunggu peta siap (network idle)...

[[ATTACHMENT|map-interaction-🗺️-Map-In-4d116-setelah-zoom-in-harus-valid-chromium\test-failed-1.png]]

[[ATTACHMENT|map-interaction-🗺️-Map-In-4d116-setelah-zoom-in-harus-valid-chromium\video.webm]]

[[ATTACHMENT|map-interaction-🗺️-Map-In-4d116-setelah-zoom-in-harus-valid-chromium\error-context.md]]
]]>
</system-out>
</testcase>
<testcase name="🗺️  Map Interaction Tests › [SNAPSHOT] map setelah pan harus valid" classname="map-interaction.spec.ts" time="19.299">
<failure message="map-interaction.spec.ts:239:3 [SNAPSHOT] map setelah pan harus valid" type="FAILURE">
<![CDATA[  [chromium] › map-interaction.spec.ts:239:3 › 🗺️  Map Interaction Tests › [SNAPSHOT] map setelah pan harus valid 

    Error: expect(locator).toBeVisible() failed

    Locator: locator('.leaflet-container')
    Expected: visible
    Timeout: 15000ms
    Error: element(s) not found

    Call log:
      - Expect "toBeVisible" with timeout 15000ms
      - waiting for locator('.leaflet-container')


       at map-utils.ts:28

      26 |   // Tambahan: tunggu sampai Leaflet container ada dan visible
      27 |   const mapContainer = page.locator('.leaflet-container');
    > 28 |   await expect(mapContainer).toBeVisible({ timeout: 15000 });
         |                              ^
      29 |   
      30 |   console.log('✅ Peta siap untuk testing');
      31 | }
        at waitForMapReady (C:\Users\ariaz\OneDrive\Documents\GitHub\state-track\e2e\map-utils.ts:28:30)
        at C:\Users\ariaz\OneDrive\Documents\GitHub\state-track\e2e\map-interaction.spec.ts:31:5

    attachment #1: screenshot (image/png) ──────────────────────────────────────────────────────────
    ..\test-results\map-interaction-🗺️-Map-In-a0faf-map-setelah-pan-harus-valid-chromium\test-failed-1.png
    ────────────────────────────────────────────────────────────────────────────────────────────────

    attachment #2: video (video/webm) ──────────────────────────────────────────────────────────────
    ..\test-results\map-interaction-🗺️-Map-In-a0faf-map-setelah-pan-harus-valid-chromium\video.webm
    ────────────────────────────────────────────────────────────────────────────────────────────────

    Error Context: ..\test-results\map-interaction-🗺️-Map-In-a0faf-map-setelah-pan-harus-valid-chromium\error-context.md
]]>
</failure>
<system-out>
<![CDATA[⏳ Menunggu peta siap (network idle)...

[[ATTACHMENT|map-interaction-🗺️-Map-In-a0faf-map-setelah-pan-harus-valid-chromium\test-failed-1.png]]

[[ATTACHMENT|map-interaction-🗺️-Map-In-a0faf-map-setelah-pan-harus-valid-chromium\video.webm]]

[[ATTACHMENT|map-interaction-🗺️-Map-In-a0faf-map-setelah-pan-harus-valid-chromium\error-context.md]]
]]>
</system-out>
</testcase>
<testcase name="🗺️  Map Interaction Tests › waitForMapReady harus detect when peta fully loaded" classname="map-interaction.spec.ts" time="19.117">
<failure message="map-interaction.spec.ts:263:3 waitForMapReady harus detect when peta fully loaded" type="FAILURE">
<![CDATA[  [chromium] › map-interaction.spec.ts:263:3 › 🗺️  Map Interaction Tests › waitForMapReady harus detect when peta fully loaded 

    Error: expect(locator).toBeVisible() failed

    Locator: locator('.leaflet-container')
    Expected: visible
    Timeout: 15000ms
    Error: element(s) not found

    Call log:
      - Expect "toBeVisible" with timeout 15000ms
      - waiting for locator('.leaflet-container')


       at map-utils.ts:28

      26 |   // Tambahan: tunggu sampai Leaflet container ada dan visible
      27 |   const mapContainer = page.locator('.leaflet-container');
    > 28 |   await expect(mapContainer).toBeVisible({ timeout: 15000 });
         |                              ^
      29 |   
      30 |   console.log('✅ Peta siap untuk testing');
      31 | }
        at waitForMapReady (C:\Users\ariaz\OneDrive\Documents\GitHub\state-track\e2e\map-utils.ts:28:30)
        at C:\Users\ariaz\OneDrive\Documents\GitHub\state-track\e2e\map-interaction.spec.ts:31:5

    attachment #1: screenshot (image/png) ──────────────────────────────────────────────────────────
    ..\test-results\map-interaction-🗺️-Map-In-72699-tect-when-peta-fully-loaded-chromium\test-failed-1.png
    ────────────────────────────────────────────────────────────────────────────────────────────────

    attachment #2: video (video/webm) ──────────────────────────────────────────────────────────────
    ..\test-results\map-interaction-🗺️-Map-In-72699-tect-when-peta-fully-loaded-chromium\video.webm
    ────────────────────────────────────────────────────────────────────────────────────────────────

    Error Context: ..\test-results\map-interaction-🗺️-Map-In-72699-tect-when-peta-fully-loaded-chromium\error-context.md
]]>
</failure>
<system-out>
<![CDATA[⏳ Menunggu peta siap (network idle)...

[[ATTACHMENT|map-interaction-🗺️-Map-In-72699-tect-when-peta-fully-loaded-chromium\test-failed-1.png]]

[[ATTACHMENT|map-interaction-🗺️-Map-In-72699-tect-when-peta-fully-loaded-chromium\video.webm]]

[[ATTACHMENT|map-interaction-🗺️-Map-In-72699-tect-when-peta-fully-loaded-chromium\error-context.md]]
]]>
</system-out>
</testcase>
<testcase name="🗺️  Map Interaction Tests › network idle strategy harus wait untuk semua tile loading" classname="map-interaction.spec.ts" time="19.252">
<failure message="map-interaction.spec.ts:275:3 network idle strategy harus wait untuk semua tile loading" type="FAILURE">
<![CDATA[  [chromium] › map-interaction.spec.ts:275:3 › 🗺️  Map Interaction Tests › network idle strategy harus wait untuk semua tile loading 

    Error: expect(locator).toBeVisible() failed

    Locator: locator('.leaflet-container')
    Expected: visible
    Timeout: 15000ms
    Error: element(s) not found

    Call log:
      - Expect "toBeVisible" with timeout 15000ms
      - waiting for locator('.leaflet-container')


       at map-utils.ts:28

      26 |   // Tambahan: tunggu sampai Leaflet container ada dan visible
      27 |   const mapContainer = page.locator('.leaflet-container');
    > 28 |   await expect(mapContainer).toBeVisible({ timeout: 15000 });
         |                              ^
      29 |   
      30 |   console.log('✅ Peta siap untuk testing');
      31 | }
        at waitForMapReady (C:\Users\ariaz\OneDrive\Documents\GitHub\state-track\e2e\map-utils.ts:28:30)
        at C:\Users\ariaz\OneDrive\Documents\GitHub\state-track\e2e\map-interaction.spec.ts:31:5

    attachment #1: screenshot (image/png) ──────────────────────────────────────────────────────────
    ..\test-results\map-interaction-🗺️-Map-In-2495a-it-untuk-semua-tile-loading-chromium\test-failed-1.png
    ────────────────────────────────────────────────────────────────────────────────────────────────

    attachment #2: video (video/webm) ──────────────────────────────────────────────────────────────
    ..\test-results\map-interaction-🗺️-Map-In-2495a-it-untuk-semua-tile-loading-chromium\video.webm
    ────────────────────────────────────────────────────────────────────────────────────────────────

    Error Context: ..\test-results\map-interaction-🗺️-Map-In-2495a-it-untuk-semua-tile-loading-chromium\error-context.md
]]>
</failure>
<system-out>
<![CDATA[⏳ Menunggu peta siap (network idle)...

[[ATTACHMENT|map-interaction-🗺️-Map-In-2495a-it-untuk-semua-tile-loading-chromium\test-failed-1.png]]

[[ATTACHMENT|map-interaction-🗺️-Map-In-2495a-it-untuk-semua-tile-loading-chromium\video.webm]]

[[ATTACHMENT|map-interaction-🗺️-Map-In-2495a-it-untuk-semua-tile-loading-chromium\error-context.md]]
]]>
</system-out>
</testcase>
<testcase name="🗺️  Map Interaction Tests › combined interaction: zoom → pan → zoom out" classname="map-interaction.spec.ts" time="19.388">
<failure message="map-interaction.spec.ts:300:3 combined interaction: zoom → pan → zoom out" type="FAILURE">
<![CDATA[  [chromium] › map-interaction.spec.ts:300:3 › 🗺️  Map Interaction Tests › combined interaction: zoom → pan → zoom out 

    Error: expect(locator).toBeVisible() failed

    Locator: locator('.leaflet-container')
    Expected: visible
    Timeout: 15000ms
    Error: element(s) not found

    Call log:
      - Expect "toBeVisible" with timeout 15000ms
      - waiting for locator('.leaflet-container')


       at map-utils.ts:28

      26 |   // Tambahan: tunggu sampai Leaflet container ada dan visible
      27 |   const mapContainer = page.locator('.leaflet-container');
    > 28 |   await expect(mapContainer).toBeVisible({ timeout: 15000 });
         |                              ^
      29 |   
      30 |   console.log('✅ Peta siap untuk testing');
      31 | }
        at waitForMapReady (C:\Users\ariaz\OneDrive\Documents\GitHub\state-track\e2e\map-utils.ts:28:30)
        at C:\Users\ariaz\OneDrive\Documents\GitHub\state-track\e2e\map-interaction.spec.ts:31:5

    attachment #1: screenshot (image/png) ──────────────────────────────────────────────────────────
    ..\test-results\map-interaction-🗺️-Map-In-8c902-ction-zoom-→-pan-→-zoom-out-chromium\test-failed-1.png
    ────────────────────────────────────────────────────────────────────────────────────────────────

    attachment #2: video (video/webm) ──────────────────────────────────────────────────────────────
    ..\test-results\map-interaction-🗺️-Map-In-8c902-ction-zoom-→-pan-→-zoom-out-chromium\video.webm
    ────────────────────────────────────────────────────────────────────────────────────────────────

    Error Context: ..\test-results\map-interaction-🗺️-Map-In-8c902-ction-zoom-→-pan-→-zoom-out-chromium\error-context.md
]]>
</failure>
<system-out>
<![CDATA[⏳ Menunggu peta siap (network idle)...

[[ATTACHMENT|map-interaction-🗺️-Map-In-8c902-ction-zoom-→-pan-→-zoom-out-chromium\test-failed-1.png]]

[[ATTACHMENT|map-interaction-🗺️-Map-In-8c902-ction-zoom-→-pan-→-zoom-out-chromium\video.webm]]

[[ATTACHMENT|map-interaction-🗺️-Map-In-8c902-ction-zoom-→-pan-→-zoom-out-chromium\error-context.md]]
]]>
</system-out>
</testcase>
<testcase name="🗺️  Map Interaction Tests › should maintain visual consistency during interactions" classname="map-interaction.spec.ts" time="19.419">
<failure message="map-interaction.spec.ts:328:3 should maintain visual consistency during interactions" type="FAILURE">
<![CDATA[  [chromium] › map-interaction.spec.ts:328:3 › 🗺️  Map Interaction Tests › should maintain visual consistency during interactions 

    Error: expect(locator).toBeVisible() failed

    Locator: locator('.leaflet-container')
    Expected: visible
    Timeout: 15000ms
    Error: element(s) not found

    Call log:
      - Expect "toBeVisible" with timeout 15000ms
      - waiting for locator('.leaflet-container')


       at map-utils.ts:28

      26 |   // Tambahan: tunggu sampai Leaflet container ada dan visible
      27 |   const mapContainer = page.locator('.leaflet-container');
    > 28 |   await expect(mapContainer).toBeVisible({ timeout: 15000 });
         |                              ^
      29 |   
      30 |   console.log('✅ Peta siap untuk testing');
      31 | }
        at waitForMapReady (C:\Users\ariaz\OneDrive\Documents\GitHub\state-track\e2e\map-utils.ts:28:30)
        at C:\Users\ariaz\OneDrive\Documents\GitHub\state-track\e2e\map-interaction.spec.ts:31:5

    attachment #1: screenshot (image/png) ──────────────────────────────────────────────────────────
    ..\test-results\map-interaction-🗺️-Map-In-d0439-istency-during-interactions-chromium\test-failed-1.png
    ────────────────────────────────────────────────────────────────────────────────────────────────

    attachment #2: video (video/webm) ──────────────────────────────────────────────────────────────
    ..\test-results\map-interaction-🗺️-Map-In-d0439-istency-during-interactions-chromium\video.webm
    ────────────────────────────────────────────────────────────────────────────────────────────────

    Error Context: ..\test-results\map-interaction-🗺️-Map-In-d0439-istency-during-interactions-chromium\error-context.md
]]>
</failure>
<system-out>
<![CDATA[⏳ Menunggu peta siap (network idle)...

[[ATTACHMENT|map-interaction-🗺️-Map-In-d0439-istency-during-interactions-chromium\test-failed-1.png]]

[[ATTACHMENT|map-interaction-🗺️-Map-In-d0439-istency-during-interactions-chromium\video.webm]]

[[ATTACHMENT|map-interaction-🗺️-Map-In-d0439-istency-during-interactions-chromium\error-context.md]]
]]>
</system-out>
</testcase>
<testcase name="🔧 Troubleshooting Map Tests › debug: print map properties" classname="map-interaction.spec.ts" time="0">
<properties>
<property name="skip" value="">
</property>
</properties>
<skipped>
</skipped>
</testcase>
<testcase name="🔧 Troubleshooting Map Tests › debug: check tile provider" classname="map-interaction.spec.ts" time="0">
<properties>
<property name="skip" value="">
</property>
</properties>
<skipped>
</skipped>
</testcase>
</testsuite>
<testsuite name="smoke.spec.ts" timestamp="2026-02-08T05:59:21.656Z" hostname="chromium" tests="4" failures="3" skipped="0" time="44.364" errors="0">
<testcase name="SIPASDA Smoke Test › aplikasi harus load tanpa crash dan menampilkan peta" classname="smoke.spec.ts" time="19.343">
<failure message="smoke.spec.ts:14:3 aplikasi harus load tanpa crash dan menampilkan peta" type="FAILURE">
<![CDATA[  [chromium] › smoke.spec.ts:14:3 › SIPASDA Smoke Test › aplikasi harus load tanpa crash dan menampilkan peta 

    Error: expect(locator).toBeVisible() failed

    Locator: locator('.leaflet-container')
    Expected: visible
    Timeout: 15000ms
    Error: element(s) not found

    Call log:
      - Expect "toBeVisible" with timeout 15000ms
      - waiting for locator('.leaflet-container')


      27 |     // Cek apakah Leaflet container ada (untuk peta berbasis Leaflet)
      28 |     const mapContainer = page.locator('.leaflet-container');
    > 29 |     await expect(mapContainer).toBeVisible({ timeout: 15000 });
         |                                ^
      30 |     console.log('   ✅ Peta terdeteksi dan visible');
      31 |
      32 |     // Step 4: Ambil screenshot sebagai bukti
        at C:\Users\ariaz\OneDrive\Documents\GitHub\state-track\e2e\smoke.spec.ts:29:32

    attachment #1: screenshot (image/png) ──────────────────────────────────────────────────────────
    ..\test-results\smoke-SIPASDA-Smoke-Test-a-dc43c--crash-dan-menampilkan-peta-chromium\test-failed-1.png
    ────────────────────────────────────────────────────────────────────────────────────────────────

    attachment #2: video (video/webm) ──────────────────────────────────────────────────────────────
    ..\test-results\smoke-SIPASDA-Smoke-Test-a-dc43c--crash-dan-menampilkan-peta-chromium\video.webm
    ────────────────────────────────────────────────────────────────────────────────────────────────

    Error Context: ..\test-results\smoke-SIPASDA-Smoke-Test-a-dc43c--crash-dan-menampilkan-peta-chromium\error-context.md
]]>
</failure>
<system-out>
<![CDATA[📍 Step 1: Membuka halaman utama...
📍 Step 2: Verifikasi judul halaman...
   Title terdeteksi: "SIPASDA - Sistem Informasi Pelaporan SDA"
📍 Step 3: Memastikan peta terlihat...

[[ATTACHMENT|smoke-SIPASDA-Smoke-Test-a-dc43c--crash-dan-menampilkan-peta-chromium\test-failed-1.png]]

[[ATTACHMENT|smoke-SIPASDA-Smoke-Test-a-dc43c--crash-dan-menampilkan-peta-chromium\video.webm]]

[[ATTACHMENT|smoke-SIPASDA-Smoke-Test-a-dc43c--crash-dan-menampilkan-peta-chromium\error-context.md]]
]]>
</system-out>
</testcase>
<testcase name="SIPASDA Smoke Test › navbar harus menampilkan elemen utama" classname="smoke.spec.ts" time="2.26">
<system-out>
<![CDATA[✅ Navbar terdeteksi dan visible
]]>
</system-out>
</testcase>
<testcase name="SIPASDA Smoke Test › tidak ada console error saat halaman load" classname="smoke.spec.ts" time="4.769">
<failure message="smoke.spec.ts:54:3 tidak ada console error saat halaman load" type="FAILURE">
<![CDATA[  [chromium] › smoke.spec.ts:54:3 › SIPASDA Smoke Test › tidak ada console error saat halaman load ─

    Error: expect(received).toBeLessThanOrEqual(expected)

    Expected: <= 0
    Received:    1

      72 |     
      73 |     // Test berhasil jika tidak ada error atau error yang detected tidak kritis
    > 74 |     expect(errors.length).toBeLessThanOrEqual(0);
         |                           ^
      75 |   });
      76 |
      77 |   test('aplikasi harus responsive di mobile', async ({ page }) => {
        at C:\Users\ariaz\OneDrive\Documents\GitHub\state-track\e2e\smoke.spec.ts:74:27

    attachment #1: screenshot (image/png) ──────────────────────────────────────────────────────────
    ..\test-results\smoke-SIPASDA-Smoke-Test-t-cc84d-ole-error-saat-halaman-load-chromium\test-failed-1.png
    ────────────────────────────────────────────────────────────────────────────────────────────────

    attachment #2: video (video/webm) ──────────────────────────────────────────────────────────────
    ..\test-results\smoke-SIPASDA-Smoke-Test-t-cc84d-ole-error-saat-halaman-load-chromium\video.webm
    ────────────────────────────────────────────────────────────────────────────────────────────────

    Error Context: ..\test-results\smoke-SIPASDA-Smoke-Test-t-cc84d-ole-error-saat-halaman-load-chromium\error-context.md
]]>
</failure>
<system-out>
<![CDATA[
[[ATTACHMENT|smoke-SIPASDA-Smoke-Test-t-cc84d-ole-error-saat-halaman-load-chromium\test-failed-1.png]]

[[ATTACHMENT|smoke-SIPASDA-Smoke-Test-t-cc84d-ole-error-saat-halaman-load-chromium\video.webm]]

[[ATTACHMENT|smoke-SIPASDA-Smoke-Test-t-cc84d-ole-error-saat-halaman-load-chromium\error-context.md]]
]]>
</system-out>
<system-err>
<![CDATA[⚠️  Console errors terdeteksi:
   - Failed to load resource: the server responded with a status of 400 ()
]]>
</system-err>
</testcase>
<testcase name="SIPASDA Smoke Test › aplikasi harus responsive di mobile" classname="smoke.spec.ts" time="17.992">
<failure message="smoke.spec.ts:77:3 aplikasi harus responsive di mobile" type="FAILURE">
<![CDATA[  [chromium] › smoke.spec.ts:77:3 › SIPASDA Smoke Test › aplikasi harus responsive di mobile ───────

    Error: expect(locator).toBeVisible() failed

    Locator: locator('.leaflet-container')
    Expected: visible
    Timeout: 15000ms
    Error: element(s) not found

    Call log:
      - Expect "toBeVisible" with timeout 15000ms
      - waiting for locator('.leaflet-container')


      83 |     // Tunggu sampai peta visible
      84 |     const mapContainer = page.locator('.leaflet-container');
    > 85 |     await expect(mapContainer).toBeVisible({ timeout: 15000 });
         |                                ^
      86 |     
      87 |     // Ambil screenshot mobile
      88 |     await page.screenshot({ 
        at C:\Users\ariaz\OneDrive\Documents\GitHub\state-track\e2e\smoke.spec.ts:85:32

    attachment #1: screenshot (image/png) ──────────────────────────────────────────────────────────
    ..\test-results\smoke-SIPASDA-Smoke-Test-aplikasi-harus-responsive-di-mobile-chromium\test-failed-1.png
    ────────────────────────────────────────────────────────────────────────────────────────────────

    attachment #2: video (video/webm) ──────────────────────────────────────────────────────────────
    ..\test-results\smoke-SIPASDA-Smoke-Test-aplikasi-harus-responsive-di-mobile-chromium\video.webm
    ────────────────────────────────────────────────────────────────────────────────────────────────

    Error Context: ..\test-results\smoke-SIPASDA-Smoke-Test-aplikasi-harus-responsive-di-mobile-chromium\error-context.md
]]>
</failure>
<system-out>
<![CDATA[
[[ATTACHMENT|smoke-SIPASDA-Smoke-Test-aplikasi-harus-responsive-di-mobile-chromium\test-failed-1.png]]

[[ATTACHMENT|smoke-SIPASDA-Smoke-Test-aplikasi-harus-responsive-di-mobile-chromium\video.webm]]

[[ATTACHMENT|smoke-SIPASDA-Smoke-Test-aplikasi-harus-responsive-di-mobile-chromium\error-context.md]]
]]>
</system-out>
</testcase>
</testsuite>
<testsuite name="advanced-e2e.spec.ts" timestamp="2026-02-08T05:59:21.656Z" hostname="firefox" tests="9" failures="1" skipped="8" time="19.288" errors="0">
<testcase name="🗺️  Advanced E2E: Map + Form Integration › user dapat explore peta kemudian submit laporan" classname="advanced-e2e.spec.ts" time="0">
<properties>
<property name="skip" value="">
</property>
</properties>
<skipped>
</skipped>
</testcase>
<testcase name="🗺️  Advanced E2E: Map + Form Integration › [SNAPSHOT] map state after user interaction should be consistent" classname="advanced-e2e.spec.ts" time="0">
<properties>
<property name="skip" value="">
</property>
</properties>
<skipped>
</skipped>
</testcase>
<testcase name="🗺️  Advanced E2E: Map + Form Integration › complex workflow: zoom → pan → search → interact" classname="advanced-e2e.spec.ts" time="0">
<properties>
<property name="skip" value="">
</property>
</properties>
<skipped>
</skipped>
</testcase>
<testcase name="🗺️  Advanced E2E: Map + Form Integration › map performance: rapid zoom/pan should not crash" classname="advanced-e2e.spec.ts" time="0">
<properties>
<property name="skip" value="">
</property>
</properties>
<skipped>
</skipped>
</testcase>
<testcase name="🗺️  Advanced E2E: Map + Form Integration › benchmark: compare different waiting strategies" classname="advanced-e2e.spec.ts" time="19.288">
<failure message="advanced-e2e.spec.ts:216:3 benchmark: compare different waiting strategies" type="FAILURE">
<![CDATA[  [firefox] › advanced-e2e.spec.ts:216:3 › 🗺️  Advanced E2E: Map + Form Integration › benchmark: compare different waiting strategies 

    Error: expect(locator).toBeVisible() failed

    Locator: locator('.leaflet-container')
    Expected: visible
    Timeout: 15000ms
    Error: element(s) not found

    Call log:
      - Expect "toBeVisible" with timeout 15000ms
      - waiting for locator('.leaflet-container')


       at map-utils.ts:28

      26 |   // Tambahan: tunggu sampai Leaflet container ada dan visible
      27 |   const mapContainer = page.locator('.leaflet-container');
    > 28 |   await expect(mapContainer).toBeVisible({ timeout: 15000 });
         |                              ^
      29 |   
      30 |   console.log('✅ Peta siap untuk testing');
      31 | }
        at waitForMapReady (C:\Users\ariaz\OneDrive\Documents\GitHub\state-track\e2e\map-utils.ts:28:30)
        at C:\Users\ariaz\OneDrive\Documents\GitHub\state-track\e2e\advanced-e2e.spec.ts:24:5

    attachment #1: screenshot (image/png) ──────────────────────────────────────────────────────────
    ..\test-results\advanced-e2e-🗺️-Advanced--69740-ifferent-waiting-strategies-firefox\test-failed-1.png
    ────────────────────────────────────────────────────────────────────────────────────────────────

    attachment #2: video (video/webm) ──────────────────────────────────────────────────────────────
    ..\test-results\advanced-e2e-🗺️-Advanced--69740-ifferent-waiting-strategies-firefox\video.webm
    ────────────────────────────────────────────────────────────────────────────────────────────────

    Error Context: ..\test-results\advanced-e2e-🗺️-Advanced--69740-ifferent-waiting-strategies-firefox\error-context.md
]]>
</failure>
<system-out>
<![CDATA[⏳ Menunggu peta siap (network idle)...

[[ATTACHMENT|advanced-e2e-🗺️-Advanced--69740-ifferent-waiting-strategies-firefox\test-failed-1.png]]

[[ATTACHMENT|advanced-e2e-🗺️-Advanced--69740-ifferent-waiting-strategies-firefox\video.webm]]

[[ATTACHMENT|advanced-e2e-🗺️-Advanced--69740-ifferent-waiting-strategies-firefox\error-context.md]]
]]>
</system-out>
</testcase>
<testcase name="♿ Map Accessibility Tests › map controls harus accessible via keyboard" classname="advanced-e2e.spec.ts" time="0">
<properties>
<property name="skip" value="">
</property>
</properties>
<skipped>
</skipped>
</testcase>
<testcase name="♿ Map Accessibility Tests › zoom controls harus have proper ARIA labels" classname="advanced-e2e.spec.ts" time="0">
<properties>
<property name="skip" value="">
</property>
</properties>
<skipped>
</skipped>
</testcase>
<testcase name="📱 Mobile Map Tests › peta harus render di mobile viewport" classname="advanced-e2e.spec.ts" time="0">
<properties>
<property name="skip" value="">
</property>
</properties>
<skipped>
</skipped>
</testcase>
<testcase name="📱 Mobile Map Tests › touch gestures harus support di mobile" classname="advanced-e2e.spec.ts" time="0">
<properties>
<property name="skip" value="">
</property>
</properties>
<skipped>
</skipped>
</testcase>
</testsuite>
<testsuite name="map-interaction.spec.ts" timestamp="2026-02-08T05:59:21.656Z" hostname="firefox" tests="16" failures="14" skipped="2" time="288.814" errors="0">
<testcase name="🗺️  Map Interaction Tests › harus bisa drag peta ke arah kanan (pan right)" classname="map-interaction.spec.ts" time="22.429">
<failure message="map-interaction.spec.ts:38:3 harus bisa drag peta ke arah kanan (pan right)" type="FAILURE">
<![CDATA[  [firefox] › map-interaction.spec.ts:38:3 › 🗺️  Map Interaction Tests › harus bisa drag peta ke arah kanan (pan right) 

    Error: expect(locator).toBeVisible() failed

    Locator: locator('.leaflet-container')
    Expected: visible
    Timeout: 15000ms
    Error: element(s) not found

    Call log:
      - Expect "toBeVisible" with timeout 15000ms
      - waiting for locator('.leaflet-container')


       at map-utils.ts:28

      26 |   // Tambahan: tunggu sampai Leaflet container ada dan visible
      27 |   const mapContainer = page.locator('.leaflet-container');
    > 28 |   await expect(mapContainer).toBeVisible({ timeout: 15000 });
         |                              ^
      29 |   
      30 |   console.log('✅ Peta siap untuk testing');
      31 | }
        at waitForMapReady (C:\Users\ariaz\OneDrive\Documents\GitHub\state-track\e2e\map-utils.ts:28:30)
        at C:\Users\ariaz\OneDrive\Documents\GitHub\state-track\e2e\map-interaction.spec.ts:31:5

    attachment #1: screenshot (image/png) ──────────────────────────────────────────────────────────
    ..\test-results\map-interaction-🗺️-Map-In-a25fd-ta-ke-arah-kanan-pan-right--firefox\test-failed-1.png
    ────────────────────────────────────────────────────────────────────────────────────────────────

    attachment #2: video (video/webm) ──────────────────────────────────────────────────────────────
    ..\test-results\map-interaction-🗺️-Map-In-a25fd-ta-ke-arah-kanan-pan-right--firefox\video.webm
    ────────────────────────────────────────────────────────────────────────────────────────────────

    Error Context: ..\test-results\map-interaction-🗺️-Map-In-a25fd-ta-ke-arah-kanan-pan-right--firefox\error-context.md
]]>
</failure>
<system-out>
<![CDATA[⏳ Menunggu peta siap (network idle)...

[[ATTACHMENT|map-interaction-🗺️-Map-In-a25fd-ta-ke-arah-kanan-pan-right--firefox\test-failed-1.png]]

[[ATTACHMENT|map-interaction-🗺️-Map-In-a25fd-ta-ke-arah-kanan-pan-right--firefox\video.webm]]

[[ATTACHMENT|map-interaction-🗺️-Map-In-a25fd-ta-ke-arah-kanan-pan-right--firefox\error-context.md]]
]]>
</system-out>
</testcase>
<testcase name="🗺️  Map Interaction Tests › harus bisa drag peta ke arah atas (pan up)" classname="map-interaction.spec.ts" time="23.282">
<failure message="map-interaction.spec.ts:66:3 harus bisa drag peta ke arah atas (pan up)" type="FAILURE">
<![CDATA[  [firefox] › map-interaction.spec.ts:66:3 › 🗺️  Map Interaction Tests › harus bisa drag peta ke arah atas (pan up) 

    Error: expect(locator).toBeVisible() failed

    Locator: locator('.leaflet-container')
    Expected: visible
    Timeout: 15000ms
    Error: element(s) not found

    Call log:
      - Expect "toBeVisible" with timeout 15000ms
      - waiting for locator('.leaflet-container')


       at map-utils.ts:28

      26 |   // Tambahan: tunggu sampai Leaflet container ada dan visible
      27 |   const mapContainer = page.locator('.leaflet-container');
    > 28 |   await expect(mapContainer).toBeVisible({ timeout: 15000 });
         |                              ^
      29 |   
      30 |   console.log('✅ Peta siap untuk testing');
      31 | }
        at waitForMapReady (C:\Users\ariaz\OneDrive\Documents\GitHub\state-track\e2e\map-utils.ts:28:30)
        at C:\Users\ariaz\OneDrive\Documents\GitHub\state-track\e2e\map-interaction.spec.ts:31:5

    attachment #1: screenshot (image/png) ──────────────────────────────────────────────────────────
    ..\test-results\map-interaction-🗺️-Map-In-e698a-g-peta-ke-arah-atas-pan-up--firefox\test-failed-1.png
    ────────────────────────────────────────────────────────────────────────────────────────────────

    attachment #2: video (video/webm) ──────────────────────────────────────────────────────────────
    ..\test-results\map-interaction-🗺️-Map-In-e698a-g-peta-ke-arah-atas-pan-up--firefox\video.webm
    ────────────────────────────────────────────────────────────────────────────────────────────────

    Error Context: ..\test-results\map-interaction-🗺️-Map-In-e698a-g-peta-ke-arah-atas-pan-up--firefox\error-context.md
]]>
</failure>
<system-out>
<![CDATA[⏳ Menunggu peta siap (network idle)...

[[ATTACHMENT|map-interaction-🗺️-Map-In-e698a-g-peta-ke-arah-atas-pan-up--firefox\test-failed-1.png]]

[[ATTACHMENT|map-interaction-🗺️-Map-In-e698a-g-peta-ke-arah-atas-pan-up--firefox\video.webm]]

[[ATTACHMENT|map-interaction-🗺️-Map-In-e698a-g-peta-ke-arah-atas-pan-up--firefox\error-context.md]]
]]>
</system-out>
</testcase>
<testcase name="🗺️  Map Interaction Tests › harus bisa drag peta secara diagonal" classname="map-interaction.spec.ts" time="20.561">
<failure message="map-interaction.spec.ts:87:3 harus bisa drag peta secara diagonal" type="FAILURE">
<![CDATA[  [firefox] › map-interaction.spec.ts:87:3 › 🗺️  Map Interaction Tests › harus bisa drag peta secara diagonal 

    Error: expect(locator).toBeVisible() failed

    Locator: locator('.leaflet-container')
    Expected: visible
    Timeout: 15000ms
    Error: element(s) not found

    Call log:
      - Expect "toBeVisible" with timeout 15000ms
      - waiting for locator('.leaflet-container')


       at map-utils.ts:28

      26 |   // Tambahan: tunggu sampai Leaflet container ada dan visible
      27 |   const mapContainer = page.locator('.leaflet-container');
    > 28 |   await expect(mapContainer).toBeVisible({ timeout: 15000 });
         |                              ^
      29 |   
      30 |   console.log('✅ Peta siap untuk testing');
      31 | }
        at waitForMapReady (C:\Users\ariaz\OneDrive\Documents\GitHub\state-track\e2e\map-utils.ts:28:30)
        at C:\Users\ariaz\OneDrive\Documents\GitHub\state-track\e2e\map-interaction.spec.ts:31:5

    attachment #1: screenshot (image/png) ──────────────────────────────────────────────────────────
    ..\test-results\map-interaction-🗺️-Map-In-b5139-a-drag-peta-secara-diagonal-firefox\test-failed-1.png
    ────────────────────────────────────────────────────────────────────────────────────────────────

    attachment #2: video (video/webm) ──────────────────────────────────────────────────────────────
    ..\test-results\map-interaction-🗺️-Map-In-b5139-a-drag-peta-secara-diagonal-firefox\video.webm
    ────────────────────────────────────────────────────────────────────────────────────────────────

    Error Context: ..\test-results\map-interaction-🗺️-Map-In-b5139-a-drag-peta-secara-diagonal-firefox\error-context.md
]]>
</failure>
<system-out>
<![CDATA[⏳ Menunggu peta siap (network idle)...

[[ATTACHMENT|map-interaction-🗺️-Map-In-b5139-a-drag-peta-secara-diagonal-firefox\test-failed-1.png]]

[[ATTACHMENT|map-interaction-🗺️-Map-In-b5139-a-drag-peta-secara-diagonal-firefox\video.webm]]

[[ATTACHMENT|map-interaction-🗺️-Map-In-b5139-a-drag-peta-secara-diagonal-firefox\error-context.md]]
]]>
</system-out>
</testcase>
<testcase name="🗺️  Map Interaction Tests › harus bisa zoom in menggunakan mouse wheel" classname="map-interaction.spec.ts" time="24.172">
<failure message="map-interaction.spec.ts:111:3 harus bisa zoom in menggunakan mouse wheel" type="FAILURE">
<![CDATA[  [firefox] › map-interaction.spec.ts:111:3 › 🗺️  Map Interaction Tests › harus bisa zoom in menggunakan mouse wheel 

    Error: expect(locator).toBeVisible() failed

    Locator: locator('.leaflet-container')
    Expected: visible
    Timeout: 15000ms
    Error: element(s) not found

    Call log:
      - Expect "toBeVisible" with timeout 15000ms
      - waiting for locator('.leaflet-container')


       at map-utils.ts:28

      26 |   // Tambahan: tunggu sampai Leaflet container ada dan visible
      27 |   const mapContainer = page.locator('.leaflet-container');
    > 28 |   await expect(mapContainer).toBeVisible({ timeout: 15000 });
         |                              ^
      29 |   
      30 |   console.log('✅ Peta siap untuk testing');
      31 | }
        at waitForMapReady (C:\Users\ariaz\OneDrive\Documents\GitHub\state-track\e2e\map-utils.ts:28:30)
        at C:\Users\ariaz\OneDrive\Documents\GitHub\state-track\e2e\map-interaction.spec.ts:31:5

    attachment #1: screenshot (image/png) ──────────────────────────────────────────────────────────
    ..\test-results\map-interaction-🗺️-Map-In-0908a--in-menggunakan-mouse-wheel-firefox\test-failed-1.png
    ────────────────────────────────────────────────────────────────────────────────────────────────

    attachment #2: video (video/webm) ──────────────────────────────────────────────────────────────
    ..\test-results\map-interaction-🗺️-Map-In-0908a--in-menggunakan-mouse-wheel-firefox\video.webm
    ────────────────────────────────────────────────────────────────────────────────────────────────

    Error Context: ..\test-results\map-interaction-🗺️-Map-In-0908a--in-menggunakan-mouse-wheel-firefox\error-context.md
]]>
</failure>
<system-out>
<![CDATA[⏳ Menunggu peta siap (network idle)...

[[ATTACHMENT|map-interaction-🗺️-Map-In-0908a--in-menggunakan-mouse-wheel-firefox\test-failed-1.png]]

[[ATTACHMENT|map-interaction-🗺️-Map-In-0908a--in-menggunakan-mouse-wheel-firefox\video.webm]]

[[ATTACHMENT|map-interaction-🗺️-Map-In-0908a--in-menggunakan-mouse-wheel-firefox\error-context.md]]
]]>
</system-out>
</testcase>
<testcase name="🗺️  Map Interaction Tests › harus bisa zoom out menggunakan mouse wheel" classname="map-interaction.spec.ts" time="22.472">
<failure message="map-interaction.spec.ts:130:3 harus bisa zoom out menggunakan mouse wheel" type="FAILURE">
<![CDATA[  [firefox] › map-interaction.spec.ts:130:3 › 🗺️  Map Interaction Tests › harus bisa zoom out menggunakan mouse wheel 

    Error: expect(locator).toBeVisible() failed

    Locator: locator('.leaflet-container')
    Expected: visible
    Timeout: 15000ms
    Error: element(s) not found

    Call log:
      - Expect "toBeVisible" with timeout 15000ms
      - waiting for locator('.leaflet-container')


       at map-utils.ts:28

      26 |   // Tambahan: tunggu sampai Leaflet container ada dan visible
      27 |   const mapContainer = page.locator('.leaflet-container');
    > 28 |   await expect(mapContainer).toBeVisible({ timeout: 15000 });
         |                              ^
      29 |   
      30 |   console.log('✅ Peta siap untuk testing');
      31 | }
        at waitForMapReady (C:\Users\ariaz\OneDrive\Documents\GitHub\state-track\e2e\map-utils.ts:28:30)
        at C:\Users\ariaz\OneDrive\Documents\GitHub\state-track\e2e\map-interaction.spec.ts:31:5

    attachment #1: screenshot (image/png) ──────────────────────────────────────────────────────────
    ..\test-results\map-interaction-🗺️-Map-In-f5f10-out-menggunakan-mouse-wheel-firefox\test-failed-1.png
    ────────────────────────────────────────────────────────────────────────────────────────────────

    attachment #2: video (video/webm) ──────────────────────────────────────────────────────────────
    ..\test-results\map-interaction-🗺️-Map-In-f5f10-out-menggunakan-mouse-wheel-firefox\video.webm
    ────────────────────────────────────────────────────────────────────────────────────────────────

    Error Context: ..\test-results\map-interaction-🗺️-Map-In-f5f10-out-menggunakan-mouse-wheel-firefox\error-context.md
]]>
</failure>
<system-out>
<![CDATA[⏳ Menunggu peta siap (network idle)...

[[ATTACHMENT|map-interaction-🗺️-Map-In-f5f10-out-menggunakan-mouse-wheel-firefox\test-failed-1.png]]

[[ATTACHMENT|map-interaction-🗺️-Map-In-f5f10-out-menggunakan-mouse-wheel-firefox\video.webm]]

[[ATTACHMENT|map-interaction-🗺️-Map-In-f5f10-out-menggunakan-mouse-wheel-firefox\error-context.md]]
]]>
</system-out>
</testcase>
<testcase name="🗺️  Map Interaction Tests › double click harus zoom in pada lokasi clicked" classname="map-interaction.spec.ts" time="21.196">
<failure message="map-interaction.spec.ts:152:3 double click harus zoom in pada lokasi clicked" type="FAILURE">
<![CDATA[  [firefox] › map-interaction.spec.ts:152:3 › 🗺️  Map Interaction Tests › double click harus zoom in pada lokasi clicked 

    Error: expect(locator).toBeVisible() failed

    Locator: locator('.leaflet-container')
    Expected: visible
    Timeout: 15000ms
    Error: element(s) not found

    Call log:
      - Expect "toBeVisible" with timeout 15000ms
      - waiting for locator('.leaflet-container')


       at map-utils.ts:28

      26 |   // Tambahan: tunggu sampai Leaflet container ada dan visible
      27 |   const mapContainer = page.locator('.leaflet-container');
    > 28 |   await expect(mapContainer).toBeVisible({ timeout: 15000 });
         |                              ^
      29 |   
      30 |   console.log('✅ Peta siap untuk testing');
      31 | }
        at waitForMapReady (C:\Users\ariaz\OneDrive\Documents\GitHub\state-track\e2e\map-utils.ts:28:30)
        at C:\Users\ariaz\OneDrive\Documents\GitHub\state-track\e2e\map-interaction.spec.ts:31:5

    attachment #1: screenshot (image/png) ──────────────────────────────────────────────────────────
    ..\test-results\map-interaction-🗺️-Map-In-c3696-zoom-in-pada-lokasi-clicked-firefox\test-failed-1.png
    ────────────────────────────────────────────────────────────────────────────────────────────────

    attachment #2: video (video/webm) ──────────────────────────────────────────────────────────────
    ..\test-results\map-interaction-🗺️-Map-In-c3696-zoom-in-pada-lokasi-clicked-firefox\video.webm
    ────────────────────────────────────────────────────────────────────────────────────────────────

    Error Context: ..\test-results\map-interaction-🗺️-Map-In-c3696-zoom-in-pada-lokasi-clicked-firefox\error-context.md
]]>
</failure>
<system-out>
<![CDATA[⏳ Menunggu peta siap (network idle)...

[[ATTACHMENT|map-interaction-🗺️-Map-In-c3696-zoom-in-pada-lokasi-clicked-firefox\test-failed-1.png]]

[[ATTACHMENT|map-interaction-🗺️-Map-In-c3696-zoom-in-pada-lokasi-clicked-firefox\video.webm]]

[[ATTACHMENT|map-interaction-🗺️-Map-In-c3696-zoom-in-pada-lokasi-clicked-firefox\error-context.md]]
]]>
</system-out>
</testcase>
<testcase name="🗺️  Map Interaction Tests › zoom in harus load tile baru (network request)" classname="map-interaction.spec.ts" time="18.744">
<failure message="map-interaction.spec.ts:169:3 zoom in harus load tile baru (network request)" type="FAILURE">
<![CDATA[  [firefox] › map-interaction.spec.ts:169:3 › 🗺️  Map Interaction Tests › zoom in harus load tile baru (network request) 

    Error: expect(locator).toBeVisible() failed

    Locator: locator('.leaflet-container')
    Expected: visible
    Timeout: 15000ms
    Error: element(s) not found

    Call log:
      - Expect "toBeVisible" with timeout 15000ms
      - waiting for locator('.leaflet-container')


       at map-utils.ts:28

      26 |   // Tambahan: tunggu sampai Leaflet container ada dan visible
      27 |   const mapContainer = page.locator('.leaflet-container');
    > 28 |   await expect(mapContainer).toBeVisible({ timeout: 15000 });
         |                              ^
      29 |   
      30 |   console.log('✅ Peta siap untuk testing');
      31 | }
        at waitForMapReady (C:\Users\ariaz\OneDrive\Documents\GitHub\state-track\e2e\map-utils.ts:28:30)
        at C:\Users\ariaz\OneDrive\Documents\GitHub\state-track\e2e\map-interaction.spec.ts:31:5

    attachment #1: screenshot (image/png) ──────────────────────────────────────────────────────────
    ..\test-results\map-interaction-🗺️-Map-In-08de6--tile-baru-network-request--firefox\test-failed-1.png
    ────────────────────────────────────────────────────────────────────────────────────────────────

    attachment #2: video (video/webm) ──────────────────────────────────────────────────────────────
    ..\test-results\map-interaction-🗺️-Map-In-08de6--tile-baru-network-request--firefox\video.webm
    ────────────────────────────────────────────────────────────────────────────────────────────────

    Error Context: ..\test-results\map-interaction-🗺️-Map-In-08de6--tile-baru-network-request--firefox\error-context.md
]]>
</failure>
<system-out>
<![CDATA[⏳ Menunggu peta siap (network idle)...

[[ATTACHMENT|map-interaction-🗺️-Map-In-08de6--tile-baru-network-request--firefox\test-failed-1.png]]

[[ATTACHMENT|map-interaction-🗺️-Map-In-08de6--tile-baru-network-request--firefox\video.webm]]

[[ATTACHMENT|map-interaction-🗺️-Map-In-08de6--tile-baru-network-request--firefox\error-context.md]]
]]>
</system-out>
</testcase>
<testcase name="🗺️  Map Interaction Tests › [SNAPSHOT] default map view harus konsisten" classname="map-interaction.spec.ts" time="18.39">
<failure message="map-interaction.spec.ts:197:3 [SNAPSHOT] default map view harus konsisten" type="FAILURE">
<![CDATA[  [firefox] › map-interaction.spec.ts:197:3 › 🗺️  Map Interaction Tests › [SNAPSHOT] default map view harus konsisten 

    Error: expect(locator).toBeVisible() failed

    Locator: locator('.leaflet-container')
    Expected: visible
    Timeout: 15000ms
    Error: element(s) not found

    Call log:
      - Expect "toBeVisible" with timeout 15000ms
      - waiting for locator('.leaflet-container')


       at map-utils.ts:28

      26 |   // Tambahan: tunggu sampai Leaflet container ada dan visible
      27 |   const mapContainer = page.locator('.leaflet-container');
    > 28 |   await expect(mapContainer).toBeVisible({ timeout: 15000 });
         |                              ^
      29 |   
      30 |   console.log('✅ Peta siap untuk testing');
      31 | }
        at waitForMapReady (C:\Users\ariaz\OneDrive\Documents\GitHub\state-track\e2e\map-utils.ts:28:30)
        at C:\Users\ariaz\OneDrive\Documents\GitHub\state-track\e2e\map-interaction.spec.ts:31:5

    attachment #1: screenshot (image/png) ──────────────────────────────────────────────────────────
    ..\test-results\map-interaction-🗺️-Map-In-29c42-lt-map-view-harus-konsisten-firefox\test-failed-1.png
    ────────────────────────────────────────────────────────────────────────────────────────────────

    attachment #2: video (video/webm) ──────────────────────────────────────────────────────────────
    ..\test-results\map-interaction-🗺️-Map-In-29c42-lt-map-view-harus-konsisten-firefox\video.webm
    ────────────────────────────────────────────────────────────────────────────────────────────────

    Error Context: ..\test-results\map-interaction-🗺️-Map-In-29c42-lt-map-view-harus-konsisten-firefox\error-context.md
]]>
</failure>
<system-out>
<![CDATA[⏳ Menunggu peta siap (network idle)...

[[ATTACHMENT|map-interaction-🗺️-Map-In-29c42-lt-map-view-harus-konsisten-firefox\test-failed-1.png]]

[[ATTACHMENT|map-interaction-🗺️-Map-In-29c42-lt-map-view-harus-konsisten-firefox\video.webm]]

[[ATTACHMENT|map-interaction-🗺️-Map-In-29c42-lt-map-view-harus-konsisten-firefox\error-context.md]]
]]>
</system-out>
</testcase>
<testcase name="🗺️  Map Interaction Tests › [SNAPSHOT] map setelah zoom in harus valid" classname="map-interaction.spec.ts" time="18.954">
<failure message="map-interaction.spec.ts:219:3 [SNAPSHOT] map setelah zoom in harus valid" type="FAILURE">
<![CDATA[  [firefox] › map-interaction.spec.ts:219:3 › 🗺️  Map Interaction Tests › [SNAPSHOT] map setelah zoom in harus valid 

    Error: expect(locator).toBeVisible() failed

    Locator: locator('.leaflet-container')
    Expected: visible
    Timeout: 15000ms
    Error: element(s) not found

    Call log:
      - Expect "toBeVisible" with timeout 15000ms
      - waiting for locator('.leaflet-container')


       at map-utils.ts:28

      26 |   // Tambahan: tunggu sampai Leaflet container ada dan visible
      27 |   const mapContainer = page.locator('.leaflet-container');
    > 28 |   await expect(mapContainer).toBeVisible({ timeout: 15000 });
         |                              ^
      29 |   
      30 |   console.log('✅ Peta siap untuk testing');
      31 | }
        at waitForMapReady (C:\Users\ariaz\OneDrive\Documents\GitHub\state-track\e2e\map-utils.ts:28:30)
        at C:\Users\ariaz\OneDrive\Documents\GitHub\state-track\e2e\map-interaction.spec.ts:31:5

    attachment #1: screenshot (image/png) ──────────────────────────────────────────────────────────
    ..\test-results\map-interaction-🗺️-Map-In-4d116-setelah-zoom-in-harus-valid-firefox\test-failed-1.png
    ────────────────────────────────────────────────────────────────────────────────────────────────

    attachment #2: video (video/webm) ──────────────────────────────────────────────────────────────
    ..\test-results\map-interaction-🗺️-Map-In-4d116-setelah-zoom-in-harus-valid-firefox\video.webm
    ────────────────────────────────────────────────────────────────────────────────────────────────

    Error Context: ..\test-results\map-interaction-🗺️-Map-In-4d116-setelah-zoom-in-harus-valid-firefox\error-context.md
]]>
</failure>
<system-out>
<![CDATA[⏳ Menunggu peta siap (network idle)...

[[ATTACHMENT|map-interaction-🗺️-Map-In-4d116-setelah-zoom-in-harus-valid-firefox\test-failed-1.png]]

[[ATTACHMENT|map-interaction-🗺️-Map-In-4d116-setelah-zoom-in-harus-valid-firefox\video.webm]]

[[ATTACHMENT|map-interaction-🗺️-Map-In-4d116-setelah-zoom-in-harus-valid-firefox\error-context.md]]
]]>
</system-out>
</testcase>
<testcase name="🗺️  Map Interaction Tests › [SNAPSHOT] map setelah pan harus valid" classname="map-interaction.spec.ts" time="19.245">
<failure message="map-interaction.spec.ts:239:3 [SNAPSHOT] map setelah pan harus valid" type="FAILURE">
<![CDATA[  [firefox] › map-interaction.spec.ts:239:3 › 🗺️  Map Interaction Tests › [SNAPSHOT] map setelah pan harus valid 

    Error: expect(locator).toBeVisible() failed

    Locator: locator('.leaflet-container')
    Expected: visible
    Timeout: 15000ms
    Error: element(s) not found

    Call log:
      - Expect "toBeVisible" with timeout 15000ms
      - waiting for locator('.leaflet-container')


       at map-utils.ts:28

      26 |   // Tambahan: tunggu sampai Leaflet container ada dan visible
      27 |   const mapContainer = page.locator('.leaflet-container');
    > 28 |   await expect(mapContainer).toBeVisible({ timeout: 15000 });
         |                              ^
      29 |   
      30 |   console.log('✅ Peta siap untuk testing');
      31 | }
        at waitForMapReady (C:\Users\ariaz\OneDrive\Documents\GitHub\state-track\e2e\map-utils.ts:28:30)
        at C:\Users\ariaz\OneDrive\Documents\GitHub\state-track\e2e\map-interaction.spec.ts:31:5

    attachment #1: screenshot (image/png) ──────────────────────────────────────────────────────────
    ..\test-results\map-interaction-🗺️-Map-In-a0faf-map-setelah-pan-harus-valid-firefox\test-failed-1.png
    ────────────────────────────────────────────────────────────────────────────────────────────────

    attachment #2: video (video/webm) ──────────────────────────────────────────────────────────────
    ..\test-results\map-interaction-🗺️-Map-In-a0faf-map-setelah-pan-harus-valid-firefox\video.webm
    ────────────────────────────────────────────────────────────────────────────────────────────────

    Error Context: ..\test-results\map-interaction-🗺️-Map-In-a0faf-map-setelah-pan-harus-valid-firefox\error-context.md
]]>
</failure>
<system-out>
<![CDATA[⏳ Menunggu peta siap (network idle)...

[[ATTACHMENT|map-interaction-🗺️-Map-In-a0faf-map-setelah-pan-harus-valid-firefox\test-failed-1.png]]

[[ATTACHMENT|map-interaction-🗺️-Map-In-a0faf-map-setelah-pan-harus-valid-firefox\video.webm]]

[[ATTACHMENT|map-interaction-🗺️-Map-In-a0faf-map-setelah-pan-harus-valid-firefox\error-context.md]]
]]>
</system-out>
</testcase>
<testcase name="🗺️  Map Interaction Tests › waitForMapReady harus detect when peta fully loaded" classname="map-interaction.spec.ts" time="20">
<failure message="map-interaction.spec.ts:263:3 waitForMapReady harus detect when peta fully loaded" type="FAILURE">
<![CDATA[  [firefox] › map-interaction.spec.ts:263:3 › 🗺️  Map Interaction Tests › waitForMapReady harus detect when peta fully loaded 

    Error: expect(locator).toBeVisible() failed

    Locator: locator('.leaflet-container')
    Expected: visible
    Timeout: 15000ms
    Error: element(s) not found

    Call log:
      - Expect "toBeVisible" with timeout 15000ms
      - waiting for locator('.leaflet-container')


       at map-utils.ts:28

      26 |   // Tambahan: tunggu sampai Leaflet container ada dan visible
      27 |   const mapContainer = page.locator('.leaflet-container');
    > 28 |   await expect(mapContainer).toBeVisible({ timeout: 15000 });
         |                              ^
      29 |   
      30 |   console.log('✅ Peta siap untuk testing');
      31 | }
        at waitForMapReady (C:\Users\ariaz\OneDrive\Documents\GitHub\state-track\e2e\map-utils.ts:28:30)
        at C:\Users\ariaz\OneDrive\Documents\GitHub\state-track\e2e\map-interaction.spec.ts:31:5

    attachment #1: screenshot (image/png) ──────────────────────────────────────────────────────────
    ..\test-results\map-interaction-🗺️-Map-In-72699-tect-when-peta-fully-loaded-firefox\test-failed-1.png
    ────────────────────────────────────────────────────────────────────────────────────────────────

    attachment #2: video (video/webm) ──────────────────────────────────────────────────────────────
    ..\test-results\map-interaction-🗺️-Map-In-72699-tect-when-peta-fully-loaded-firefox\video.webm
    ────────────────────────────────────────────────────────────────────────────────────────────────

    Error Context: ..\test-results\map-interaction-🗺️-Map-In-72699-tect-when-peta-fully-loaded-firefox\error-context.md
]]>
</failure>
<system-out>
<![CDATA[⏳ Menunggu peta siap (network idle)...

[[ATTACHMENT|map-interaction-🗺️-Map-In-72699-tect-when-peta-fully-loaded-firefox\test-failed-1.png]]

[[ATTACHMENT|map-interaction-🗺️-Map-In-72699-tect-when-peta-fully-loaded-firefox\video.webm]]

[[ATTACHMENT|map-interaction-🗺️-Map-In-72699-tect-when-peta-fully-loaded-firefox\error-context.md]]
]]>
</system-out>
</testcase>
<testcase name="🗺️  Map Interaction Tests › network idle strategy harus wait untuk semua tile loading" classname="map-interaction.spec.ts" time="19.733">
<failure message="map-interaction.spec.ts:275:3 network idle strategy harus wait untuk semua tile loading" type="FAILURE">
<![CDATA[  [firefox] › map-interaction.spec.ts:275:3 › 🗺️  Map Interaction Tests › network idle strategy harus wait untuk semua tile loading 

    Error: expect(locator).toBeVisible() failed

    Locator: locator('.leaflet-container')
    Expected: visible
    Timeout: 15000ms
    Error: element(s) not found

    Call log:
      - Expect "toBeVisible" with timeout 15000ms
      - waiting for locator('.leaflet-container')


       at map-utils.ts:28

      26 |   // Tambahan: tunggu sampai Leaflet container ada dan visible
      27 |   const mapContainer = page.locator('.leaflet-container');
    > 28 |   await expect(mapContainer).toBeVisible({ timeout: 15000 });
         |                              ^
      29 |   
      30 |   console.log('✅ Peta siap untuk testing');
      31 | }
        at waitForMapReady (C:\Users\ariaz\OneDrive\Documents\GitHub\state-track\e2e\map-utils.ts:28:30)
        at C:\Users\ariaz\OneDrive\Documents\GitHub\state-track\e2e\map-interaction.spec.ts:31:5

    attachment #1: screenshot (image/png) ──────────────────────────────────────────────────────────
    ..\test-results\map-interaction-🗺️-Map-In-2495a-it-untuk-semua-tile-loading-firefox\test-failed-1.png
    ────────────────────────────────────────────────────────────────────────────────────────────────

    attachment #2: video (video/webm) ──────────────────────────────────────────────────────────────
    ..\test-results\map-interaction-🗺️-Map-In-2495a-it-untuk-semua-tile-loading-firefox\video.webm
    ────────────────────────────────────────────────────────────────────────────────────────────────

    Error Context: ..\test-results\map-interaction-🗺️-Map-In-2495a-it-untuk-semua-tile-loading-firefox\error-context.md
]]>
</failure>
<system-out>
<![CDATA[⏳ Menunggu peta siap (network idle)...

[[ATTACHMENT|map-interaction-🗺️-Map-In-2495a-it-untuk-semua-tile-loading-firefox\test-failed-1.png]]

[[ATTACHMENT|map-interaction-🗺️-Map-In-2495a-it-untuk-semua-tile-loading-firefox\video.webm]]

[[ATTACHMENT|map-interaction-🗺️-Map-In-2495a-it-untuk-semua-tile-loading-firefox\error-context.md]]
]]>
</system-out>
</testcase>
<testcase name="🗺️  Map Interaction Tests › combined interaction: zoom → pan → zoom out" classname="map-interaction.spec.ts" time="19.775">
<failure message="map-interaction.spec.ts:300:3 combined interaction: zoom → pan → zoom out" type="FAILURE">
<![CDATA[  [firefox] › map-interaction.spec.ts:300:3 › 🗺️  Map Interaction Tests › combined interaction: zoom → pan → zoom out 

    Error: expect(locator).toBeVisible() failed

    Locator: locator('.leaflet-container')
    Expected: visible
    Timeout: 15000ms
    Error: element(s) not found

    Call log:
      - Expect "toBeVisible" with timeout 15000ms
      - waiting for locator('.leaflet-container')


       at map-utils.ts:28

      26 |   // Tambahan: tunggu sampai Leaflet container ada dan visible
      27 |   const mapContainer = page.locator('.leaflet-container');
    > 28 |   await expect(mapContainer).toBeVisible({ timeout: 15000 });
         |                              ^
      29 |   
      30 |   console.log('✅ Peta siap untuk testing');
      31 | }
        at waitForMapReady (C:\Users\ariaz\OneDrive\Documents\GitHub\state-track\e2e\map-utils.ts:28:30)
        at C:\Users\ariaz\OneDrive\Documents\GitHub\state-track\e2e\map-interaction.spec.ts:31:5

[...]

[[ATTACHMENT|map-interaction-🗺️-Map-In-4d116-setelah-zoom-in-harus-valid-Mobile-Safari\video.webm]]

[[ATTACHMENT|map-interaction-🗺️-Map-In-4d116-setelah-zoom-in-harus-valid-Mobile-Safari\error-context.md]]
]]>
</system-out>
</testcase>
<testcase name="🗺️  Map Interaction Tests › [SNAPSHOT] map setelah pan harus valid" classname="map-interaction.spec.ts" time="18.883">
<failure message="map-interaction.spec.ts:239:3 [SNAPSHOT] map setelah pan harus valid" type="FAILURE">
<![CDATA[  [Mobile Safari] › map-interaction.spec.ts:239:3 › 🗺️  Map Interaction Tests › [SNAPSHOT] map setelah pan harus valid 

    Error: expect(locator).toBeVisible() failed

    Locator: locator('.leaflet-container')
    Expected: visible
    Timeout: 15000ms
    Error: element(s) not found

    Call log:
      - Expect "toBeVisible" with timeout 15000ms
      - waiting for locator('.leaflet-container')


       at map-utils.ts:28

      26 |   // Tambahan: tunggu sampai Leaflet container ada dan visible
      27 |   const mapContainer = page.locator('.leaflet-container');
    > 28 |   await expect(mapContainer).toBeVisible({ timeout: 15000 });
         |                              ^
      29 |   
      30 |   console.log('✅ Peta siap untuk testing');
      31 | }
        at waitForMapReady (C:\Users\ariaz\OneDrive\Documents\GitHub\state-track\e2e\map-utils.ts:28:30)
        at C:\Users\ariaz\OneDrive\Documents\GitHub\state-track\e2e\map-interaction.spec.ts:31:5

    attachment #1: screenshot (image/png) ──────────────────────────────────────────────────────────
    ..\test-results\map-interaction-🗺️-Map-In-a0faf-map-setelah-pan-harus-valid-Mobile-Safari\test-failed-1.png
    ────────────────────────────────────────────────────────────────────────────────────────────────

    attachment #2: video (video/webm) ──────────────────────────────────────────────────────────────
    ..\test-results\map-interaction-🗺️-Map-In-a0faf-map-setelah-pan-harus-valid-Mobile-Safari\video.webm
    ────────────────────────────────────────────────────────────────────────────────────────────────

    Error Context: ..\test-results\map-interaction-🗺️-Map-In-a0faf-map-setelah-pan-harus-valid-Mobile-Safari\error-context.md
]]>
</failure>
<system-out>
<![CDATA[⏳ Menunggu peta siap (network idle)...

[[ATTACHMENT|map-interaction-🗺️-Map-In-a0faf-map-setelah-pan-harus-valid-Mobile-Safari\test-failed-1.png]]

[[ATTACHMENT|map-interaction-🗺️-Map-In-a0faf-map-setelah-pan-harus-valid-Mobile-Safari\video.webm]]

[[ATTACHMENT|map-interaction-🗺️-Map-In-a0faf-map-setelah-pan-harus-valid-Mobile-Safari\error-context.md]]
]]>
</system-out>
</testcase>
<testcase name="🗺️  Map Interaction Tests › waitForMapReady harus detect when peta fully loaded" classname="map-interaction.spec.ts" time="18.59">
<failure message="map-interaction.spec.ts:263:3 waitForMapReady harus detect when peta fully loaded" type="FAILURE">
<![CDATA[  [Mobile Safari] › map-interaction.spec.ts:263:3 › 🗺️  Map Interaction Tests › waitForMapReady harus detect when peta fully loaded 

    Error: expect(locator).toBeVisible() failed

    Locator: locator('.leaflet-container')
    Expected: visible
    Timeout: 15000ms
    Error: element(s) not found

    Call log:
      - Expect "toBeVisible" with timeout 15000ms
      - waiting for locator('.leaflet-container')


       at map-utils.ts:28

      26 |   // Tambahan: tunggu sampai Leaflet container ada dan visible
      27 |   const mapContainer = page.locator('.leaflet-container');
    > 28 |   await expect(mapContainer).toBeVisible({ timeout: 15000 });
         |                              ^
      29 |   
      30 |   console.log('✅ Peta siap untuk testing');
      31 | }
        at waitForMapReady (C:\Users\ariaz\OneDrive\Documents\GitHub\state-track\e2e\map-utils.ts:28:30)
        at C:\Users\ariaz\OneDrive\Documents\GitHub\state-track\e2e\map-interaction.spec.ts:31:5

    attachment #1: screenshot (image/png) ──────────────────────────────────────────────────────────
    ..\test-results\map-interaction-🗺️-Map-In-72699-tect-when-peta-fully-loaded-Mobile-Safari\test-failed-1.png
    ────────────────────────────────────────────────────────────────────────────────────────────────

    attachment #2: video (video/webm) ──────────────────────────────────────────────────────────────
    ..\test-results\map-interaction-🗺️-Map-In-72699-tect-when-peta-fully-loaded-Mobile-Safari\video.webm
    ────────────────────────────────────────────────────────────────────────────────────────────────

    Error Context: ..\test-results\map-interaction-🗺️-Map-In-72699-tect-when-peta-fully-loaded-Mobile-Safari\error-context.md
]]>
</failure>
<system-out>
<![CDATA[⏳ Menunggu peta siap (network idle)...

[[ATTACHMENT|map-interaction-🗺️-Map-In-72699-tect-when-peta-fully-loaded-Mobile-Safari\test-failed-1.png]]

[[ATTACHMENT|map-interaction-🗺️-Map-In-72699-tect-when-peta-fully-loaded-Mobile-Safari\video.webm]]

[[ATTACHMENT|map-interaction-🗺️-Map-In-72699-tect-when-peta-fully-loaded-Mobile-Safari\error-context.md]]
]]>
</system-out>
</testcase>
<testcase name="🗺️  Map Interaction Tests › network idle strategy harus wait untuk semua tile loading" classname="map-interaction.spec.ts" time="17.634">
<failure message="map-interaction.spec.ts:275:3 network idle strategy harus wait untuk semua tile loading" type="FAILURE">
<![CDATA[  [Mobile Safari] › map-interaction.spec.ts:275:3 › 🗺️  Map Interaction Tests › network idle strategy harus wait untuk semua tile loading 

    Error: expect(locator).toBeVisible() failed

    Locator: locator('.leaflet-container')
    Expected: visible
    Timeout: 15000ms
    Error: element(s) not found

    Call log:
      - Expect "toBeVisible" with timeout 15000ms
      - waiting for locator('.leaflet-container')


       at map-utils.ts:28

      26 |   // Tambahan: tunggu sampai Leaflet container ada dan visible
      27 |   const mapContainer = page.locator('.leaflet-container');
    > 28 |   await expect(mapContainer).toBeVisible({ timeout: 15000 });
         |                              ^
      29 |   
      30 |   console.log('✅ Peta siap untuk testing');
      31 | }
        at waitForMapReady (C:\Users\ariaz\OneDrive\Documents\GitHub\state-track\e2e\map-utils.ts:28:30)
        at C:\Users\ariaz\OneDrive\Documents\GitHub\state-track\e2e\map-interaction.spec.ts:31:5

    attachment #1: screenshot (image/png) ──────────────────────────────────────────────────────────
    ..\test-results\map-interaction-🗺️-Map-In-2495a-it-untuk-semua-tile-loading-Mobile-Safari\test-failed-1.png
    ────────────────────────────────────────────────────────────────────────────────────────────────

    attachment #2: video (video/webm) ──────────────────────────────────────────────────────────────
    ..\test-results\map-interaction-🗺️-Map-In-2495a-it-untuk-semua-tile-loading-Mobile-Safari\video.webm
    ────────────────────────────────────────────────────────────────────────────────────────────────

    Error Context: ..\test-results\map-interaction-🗺️-Map-In-2495a-it-untuk-semua-tile-loading-Mobile-Safari\error-context.md
]]>
</failure>
<system-out>
<![CDATA[⏳ Menunggu peta siap (network idle)...

[[ATTACHMENT|map-interaction-🗺️-Map-In-2495a-it-untuk-semua-tile-loading-Mobile-Safari\test-failed-1.png]]

[[ATTACHMENT|map-interaction-🗺️-Map-In-2495a-it-untuk-semua-tile-loading-Mobile-Safari\video.webm]]

[[ATTACHMENT|map-interaction-🗺️-Map-In-2495a-it-untuk-semua-tile-loading-Mobile-Safari\error-context.md]]
]]>
</system-out>
</testcase>
<testcase name="🗺️  Map Interaction Tests › combined interaction: zoom → pan → zoom out" classname="map-interaction.spec.ts" time="18.058">
<failure message="map-interaction.spec.ts:300:3 combined interaction: zoom → pan → zoom out" type="FAILURE">
<![CDATA[  [Mobile Safari] › map-interaction.spec.ts:300:3 › 🗺️  Map Interaction Tests › combined interaction: zoom → pan → zoom out 

    Error: expect(locator).toBeVisible() failed

    Locator: locator('.leaflet-container')
    Expected: visible
    Timeout: 15000ms
    Error: element(s) not found

    Call log:
      - Expect "toBeVisible" with timeout 15000ms
      - waiting for locator('.leaflet-container')


       at map-utils.ts:28

      26 |   // Tambahan: tunggu sampai Leaflet container ada dan visible
      27 |   const mapContainer = page.locator('.leaflet-container');
    > 28 |   await expect(mapContainer).toBeVisible({ timeout: 15000 });
         |                              ^
      29 |   
      30 |   console.log('✅ Peta siap untuk testing');
      31 | }
        at waitForMapReady (C:\Users\ariaz\OneDrive\Documents\GitHub\state-track\e2e\map-utils.ts:28:30)
        at C:\Users\ariaz\OneDrive\Documents\GitHub\state-track\e2e\map-interaction.spec.ts:31:5

    attachment #1: screenshot (image/png) ──────────────────────────────────────────────────────────
    ..\test-results\map-interaction-🗺️-Map-In-8c902-ction-zoom-→-pan-→-zoom-out-Mobile-Safari\test-failed-1.png
    ────────────────────────────────────────────────────────────────────────────────────────────────

    attachment #2: video (video/webm) ──────────────────────────────────────────────────────────────
    ..\test-results\map-interaction-🗺️-Map-In-8c902-ction-zoom-→-pan-→-zoom-out-Mobile-Safari\video.webm
    ────────────────────────────────────────────────────────────────────────────────────────────────

    Error Context: ..\test-results\map-interaction-🗺️-Map-In-8c902-ction-zoom-→-pan-→-zoom-out-Mobile-Safari\error-context.md
]]>
</failure>
<system-out>
<![CDATA[⏳ Menunggu peta siap (network idle)...

[[ATTACHMENT|map-interaction-🗺️-Map-In-8c902-ction-zoom-→-pan-→-zoom-out-Mobile-Safari\test-failed-1.png]]

[[ATTACHMENT|map-interaction-🗺️-Map-In-8c902-ction-zoom-→-pan-→-zoom-out-Mobile-Safari\video.webm]]

[[ATTACHMENT|map-interaction-🗺️-Map-In-8c902-ction-zoom-→-pan-→-zoom-out-Mobile-Safari\error-context.md]]
]]>
</system-out>
</testcase>
<testcase name="🗺️  Map Interaction Tests › should maintain visual consistency during interactions" classname="map-interaction.spec.ts" time="17.718">
<failure message="map-interaction.spec.ts:328:3 should maintain visual consistency during interactions" type="FAILURE">
<![CDATA[  [Mobile Safari] › map-interaction.spec.ts:328:3 › 🗺️  Map Interaction Tests › should maintain visual consistency during interactions 

    Error: expect(locator).toBeVisible() failed

    Locator: locator('.leaflet-container')
    Expected: visible
    Timeout: 15000ms
    Error: element(s) not found

    Call log:
      - Expect "toBeVisible" with timeout 15000ms
      - waiting for locator('.leaflet-container')


       at map-utils.ts:28

      26 |   // Tambahan: tunggu sampai Leaflet container ada dan visible
      27 |   const mapContainer = page.locator('.leaflet-container');
    > 28 |   await expect(mapContainer).toBeVisible({ timeout: 15000 });
         |                              ^
      29 |   
      30 |   console.log('✅ Peta siap untuk testing');
      31 | }
        at waitForMapReady (C:\Users\ariaz\OneDrive\Documents\GitHub\state-track\e2e\map-utils.ts:28:30)
        at C:\Users\ariaz\OneDrive\Documents\GitHub\state-track\e2e\map-interaction.spec.ts:31:5

    attachment #1: screenshot (image/png) ──────────────────────────────────────────────────────────
    ..\test-results\map-interaction-🗺️-Map-In-d0439-istency-during-interactions-Mobile-Safari\test-failed-1.png
    ────────────────────────────────────────────────────────────────────────────────────────────────

    attachment #2: video (video/webm) ──────────────────────────────────────────────────────────────
    ..\test-results\map-interaction-🗺️-Map-In-d0439-istency-during-interactions-Mobile-Safari\video.webm
    ────────────────────────────────────────────────────────────────────────────────────────────────

    Error Context: ..\test-results\map-interaction-🗺️-Map-In-d0439-istency-during-interactions-Mobile-Safari\error-context.md
]]>
</failure>
<system-out>
<![CDATA[⏳ Menunggu peta siap (network idle)...

[[ATTACHMENT|map-interaction-🗺️-Map-In-d0439-istency-during-interactions-Mobile-Safari\test-failed-1.png]]

[[ATTACHMENT|map-interaction-🗺️-Map-In-d0439-istency-during-interactions-Mobile-Safari\video.webm]]

[[ATTACHMENT|map-interaction-🗺️-Map-In-d0439-istency-during-interactions-Mobile-Safari\error-context.md]]
]]>
</system-out>
</testcase>
<testcase name="🔧 Troubleshooting Map Tests › debug: print map properties" classname="map-interaction.spec.ts" time="0">
<properties>
<property name="skip" value="">
</property>
</properties>
<skipped>
</skipped>
</testcase>
<testcase name="🔧 Troubleshooting Map Tests › debug: check tile provider" classname="map-interaction.spec.ts" time="0">
<properties>
<property name="skip" value="">
</property>
</properties>
<skipped>
</skipped>
</testcase>
</testsuite>
<testsuite name="smoke.spec.ts" timestamp="2026-02-08T05:59:21.656Z" hostname="Mobile Safari" tests="4" failures="3" skipped="0" time="46.964" errors="0">
<testcase name="SIPASDA Smoke Test › aplikasi harus load tanpa crash dan menampilkan peta" classname="smoke.spec.ts" time="17.987">
<failure message="smoke.spec.ts:14:3 aplikasi harus load tanpa crash dan menampilkan peta" type="FAILURE">
<![CDATA[  [Mobile Safari] › smoke.spec.ts:14:3 › SIPASDA Smoke Test › aplikasi harus load tanpa crash dan menampilkan peta 

    Error: expect(locator).toBeVisible() failed

    Locator: locator('.leaflet-container')
    Expected: visible
    Timeout: 15000ms
    Error: element(s) not found

    Call log:
      - Expect "toBeVisible" with timeout 15000ms
      - waiting for locator('.leaflet-container')


      27 |     // Cek apakah Leaflet container ada (untuk peta berbasis Leaflet)
      28 |     const mapContainer = page.locator('.leaflet-container');
    > 29 |     await expect(mapContainer).toBeVisible({ timeout: 15000 });
         |                                ^
      30 |     console.log('   ✅ Peta terdeteksi dan visible');
      31 |
      32 |     // Step 4: Ambil screenshot sebagai bukti
        at C:\Users\ariaz\OneDrive\Documents\GitHub\state-track\e2e\smoke.spec.ts:29:32

    attachment #1: screenshot (image/png) ──────────────────────────────────────────────────────────
    ..\test-results\smoke-SIPASDA-Smoke-Test-a-dc43c--crash-dan-menampilkan-peta-Mobile-Safari\test-failed-1.png
    ────────────────────────────────────────────────────────────────────────────────────────────────

    attachment #2: video (video/webm) ──────────────────────────────────────────────────────────────
    ..\test-results\smoke-SIPASDA-Smoke-Test-a-dc43c--crash-dan-menampilkan-peta-Mobile-Safari\video.webm
    ────────────────────────────────────────────────────────────────────────────────────────────────

    Error Context: ..\test-results\smoke-SIPASDA-Smoke-Test-a-dc43c--crash-dan-menampilkan-peta-Mobile-Safari\error-context.md
]]>
</failure>
<system-out>
<![CDATA[📍 Step 1: Membuka halaman utama...
📍 Step 2: Verifikasi judul halaman...
   Title terdeteksi: "SIPASDA - Sistem Informasi Pelaporan SDA"
📍 Step 3: Memastikan peta terlihat...

[[ATTACHMENT|smoke-SIPASDA-Smoke-Test-a-dc43c--crash-dan-menampilkan-peta-Mobile-Safari\test-failed-1.png]]

[[ATTACHMENT|smoke-SIPASDA-Smoke-Test-a-dc43c--crash-dan-menampilkan-peta-Mobile-Safari\video.webm]]

[[ATTACHMENT|smoke-SIPASDA-Smoke-Test-a-dc43c--crash-dan-menampilkan-peta-Mobile-Safari\error-context.md]]
]]>
</system-out>
</testcase>
<testcase name="SIPASDA Smoke Test › navbar harus menampilkan elemen utama" classname="smoke.spec.ts" time="3.156">
<system-out>
<![CDATA[✅ Navbar terdeteksi dan visible
]]>
</system-out>
</testcase>
<testcase name="SIPASDA Smoke Test › tidak ada console error saat halaman load" classname="smoke.spec.ts" time="4.195">
<failure message="smoke.spec.ts:54:3 tidak ada console error saat halaman load" type="FAILURE">
<![CDATA[  [Mobile Safari] › smoke.spec.ts:54:3 › SIPASDA Smoke Test › tidak ada console error saat halaman load 

    Error: expect(received).toBeLessThanOrEqual(expected)

    Expected: <= 0
    Received:    1

      72 |     
      73 |     // Test berhasil jika tidak ada error atau error yang detected tidak kritis
    > 74 |     expect(errors.length).toBeLessThanOrEqual(0);
         |                           ^
      75 |   });
      76 |
      77 |   test('aplikasi harus responsive di mobile', async ({ page }) => {
        at C:\Users\ariaz\OneDrive\Documents\GitHub\state-track\e2e\smoke.spec.ts:74:27

    attachment #1: screenshot (image/png) ──────────────────────────────────────────────────────────
    ..\test-results\smoke-SIPASDA-Smoke-Test-t-cc84d-ole-error-saat-halaman-load-Mobile-Safari\test-failed-1.png
    ────────────────────────────────────────────────────────────────────────────────────────────────

    attachment #2: video (video/webm) ──────────────────────────────────────────────────────────────
    ..\test-results\smoke-SIPASDA-Smoke-Test-t-cc84d-ole-error-saat-halaman-load-Mobile-Safari\video.webm
    ────────────────────────────────────────────────────────────────────────────────────────────────

    Error Context: ..\test-results\smoke-SIPASDA-Smoke-Test-t-cc84d-ole-error-saat-halaman-load-Mobile-Safari\error-context.md
]]>
</failure>
<system-out>
<![CDATA[
[[ATTACHMENT|smoke-SIPASDA-Smoke-Test-t-cc84d-ole-error-saat-halaman-load-Mobile-Safari\test-failed-1.png]]

[[ATTACHMENT|smoke-SIPASDA-Smoke-Test-t-cc84d-ole-error-saat-halaman-load-Mobile-Safari\video.webm]]

[[ATTACHMENT|smoke-SIPASDA-Smoke-Test-t-cc84d-ole-error-saat-halaman-load-Mobile-Safari\error-context.md]]
]]>
</system-out>
<system-err>
<![CDATA[⚠️  Console errors terdeteksi:
   - Failed to load resource: the server responded with a status of 400 ()
]]>
</system-err>
</testcase>
<testcase name="SIPASDA Smoke Test › aplikasi harus responsive di mobile" classname="smoke.spec.ts" time="21.626">
<failure message="smoke.spec.ts:77:3 aplikasi harus responsive di mobile" type="FAILURE">
<![CDATA[  [Mobile Safari] › smoke.spec.ts:77:3 › SIPASDA Smoke Test › aplikasi harus responsive di mobile ──

    Error: expect(locator).toBeVisible() failed

    Locator: locator('.leaflet-container')
    Expected: visible
    Timeout: 15000ms
    Error: element(s) not found

    Call log:
      - Expect "toBeVisible" with timeout 15000ms
      - waiting for locator('.leaflet-container')


      83 |     // Tunggu sampai peta visible
      84 |     const mapContainer = page.locator('.leaflet-container');
    > 85 |     await expect(mapContainer).toBeVisible({ timeout: 15000 });
         |                                ^
      86 |     
      87 |     // Ambil screenshot mobile
      88 |     await page.screenshot({ 
        at C:\Users\ariaz\OneDrive\Documents\GitHub\state-track\e2e\smoke.spec.ts:85:32

    attachment #1: screenshot (image/png) ──────────────────────────────────────────────────────────
    ..\test-results\smoke-SIPASDA-Smoke-Test-aplikasi-harus-responsive-di-mobile-Mobile-Safari\test-failed-1.png
    ────────────────────────────────────────────────────────────────────────────────────────────────

    attachment #2: video (video/webm) ──────────────────────────────────────────────────────────────
    ..\test-results\smoke-SIPASDA-Smoke-Test-aplikasi-harus-responsive-di-mobile-Mobile-Safari\video.webm
    ────────────────────────────────────────────────────────────────────────────────────────────────

    Error Context: ..\test-results\smoke-SIPASDA-Smoke-Test-aplikasi-harus-responsive-di-mobile-Mobile-Safari\error-context.md
]]>
</failure>
<system-out>
<![CDATA[
[[ATTACHMENT|smoke-SIPASDA-Smoke-Test-aplikasi-harus-responsive-di-mobile-Mobile-Safari\test-failed-1.png]]

[[ATTACHMENT|smoke-SIPASDA-Smoke-Test-aplikasi-harus-responsive-di-mobile-Mobile-Safari\video.webm]]

[[ATTACHMENT|smoke-SIPASDA-Smoke-Test-aplikasi-harus-responsive-di-mobile-Mobile-Safari\error-context.md]]
]]>
</system-out>
</testcase>
</testsuite>
</testsuites>